{"C:\\Users\\Inito\\Desktop\\inito\\server\\app.js": {"path":"C:\\Users\\Inito\\Desktop\\inito\\server\\app.js","statementMap":{"0":{"start":{"line":1,"column":21},"end":{"line":1,"column":39}},"1":{"start":{"line":2,"column":16},"end":{"line":2,"column":34}},"2":{"start":{"line":3,"column":23},"end":{"line":3,"column":59}},"3":{"start":{"line":4,"column":13},"end":{"line":4,"column":33}},"4":{"start":{"line":5,"column":15},"end":{"line":5,"column":32}},"5":{"start":{"line":6,"column":15},"end":{"line":6,"column":32}},"6":{"start":{"line":7,"column":0},"end":{"line":7,"column":16}},"7":{"start":{"line":10,"column":19},"end":{"line":10,"column":32}},"8":{"start":{"line":11,"column":13},"end":{"line":11,"column":29}},"9":{"start":{"line":12,"column":13},"end":{"line":12,"column":29}},"10":{"start":{"line":13,"column":13},"end":{"line":13,"column":29}},"11":{"start":{"line":14,"column":17},"end":{"line":14,"column":37}},"12":{"start":{"line":15,"column":17},"end":{"line":15,"column":37}},"13":{"start":{"line":17,"column":15},"end":{"line":23,"column":2}},"14":{"start":{"line":24,"column":0},"end":{"line":30,"column":3}},"15":{"start":{"line":25,"column":0},"end":{"line":28,"column":3}},"16":{"start":{"line":26,"column":4},"end":{"line":26,"column":41}},"17":{"start":{"line":27,"column":4},"end":{"line":27,"column":11}},"18":{"start":{"line":29,"column":2},"end":{"line":29,"column":40}},"19":{"start":{"line":35,"column":12},"end":{"line":35,"column":21}},"20":{"start":{"line":36,"column":0},"end":{"line":36,"column":24}},"21":{"start":{"line":38,"column":13},"end":{"line":38,"column":17}},"22":{"start":{"line":45,"column":4},"end":{"line":45,"column":45}},"23":{"start":{"line":46,"column":26},"end":{"line":46,"column":68}},"24":{"start":{"line":50,"column":4},"end":{"line":50,"column":49}},"25":{"start":{"line":51,"column":25},"end":{"line":51,"column":58}},"26":{"start":{"line":52,"column":29},"end":{"line":52,"column":62}},"27":{"start":{"line":53,"column":23},"end":{"line":53,"column":61}},"28":{"start":{"line":58,"column":4},"end":{"line":58,"column":37}},"29":{"start":{"line":62,"column":4},"end":{"line":62,"column":37}},"30":{"start":{"line":63,"column":24},"end":{"line":63,"column":54}},"31":{"start":{"line":64,"column":0},"end":{"line":64,"column":24}},"32":{"start":{"line":65,"column":0},"end":{"line":65,"column":49}},"33":{"start":{"line":66,"column":0},"end":{"line":66,"column":50}},"34":{"start":{"line":67,"column":0},"end":{"line":67,"column":52}},"35":{"start":{"line":68,"column":0},"end":{"line":68,"column":52}},"36":{"start":{"line":69,"column":0},"end":{"line":69,"column":50}},"37":{"start":{"line":70,"column":0},"end":{"line":70,"column":59}},"38":{"start":{"line":71,"column":0},"end":{"line":71,"column":62}},"39":{"start":{"line":72,"column":0},"end":{"line":72,"column":52}},"40":{"start":{"line":74,"column":0},"end":{"line":91,"column":3}},"41":{"start":{"line":75,"column":2},"end":{"line":90,"column":3}},"42":{"start":{"line":76,"column":21},"end":{"line":76,"column":38}},"43":{"start":{"line":77,"column":21},"end":{"line":77,"column":38}},"44":{"start":{"line":78,"column":17},"end":{"line":78,"column":55}},"45":{"start":{"line":80,"column":4},"end":{"line":87,"column":5}},"46":{"start":{"line":81,"column":6},"end":{"line":83,"column":9}},"47":{"start":{"line":85,"column":20},"end":{"line":85,"column":48}},"48":{"start":{"line":86,"column":6},"end":{"line":86,"column":22}},"49":{"start":{"line":89,"column":4},"end":{"line":89,"column":23}},"50":{"start":{"line":97,"column":0},"end":{"line":97,"column":21}}},"fnMap":{"0":{"name":"(anonymous_0)","decl":{"start":{"line":24,"column":15},"end":{"line":24,"column":16}},"loc":{"start":{"line":24,"column":24},"end":{"line":30,"column":1}},"line":24},"1":{"name":"(anonymous_1)","decl":{"start":{"line":74,"column":35},"end":{"line":74,"column":36}},"loc":{"start":{"line":74,"column":55},"end":{"line":91,"column":1}},"line":74}},"branchMap":{"0":{"loc":{"start":{"line":25,"column":0},"end":{"line":28,"column":3}},"type":"if","locations":[{"start":{"line":25,"column":0},"end":{"line":28,"column":3}},{"start":{},"end":{}}],"line":25},"1":{"loc":{"start":{"line":80,"column":4},"end":{"line":87,"column":5}},"type":"if","locations":[{"start":{"line":80,"column":4},"end":{"line":87,"column":5}},{"start":{"line":84,"column":11},"end":{"line":87,"column":5}}],"line":80}},"s":{"0":7,"1":7,"2":7,"3":7,"4":7,"5":7,"6":7,"7":7,"8":7,"9":7,"10":7,"11":7,"12":7,"13":7,"14":7,"15":6,"16":0,"17":0,"18":6,"19":7,"20":7,"21":7,"22":7,"23":7,"24":7,"25":7,"26":7,"27":7,"28":7,"29":7,"30":7,"31":7,"32":7,"33":7,"34":7,"35":7,"36":7,"37":7,"38":7,"39":7,"40":7,"41":7,"42":7,"43":7,"44":7,"45":7,"46":2,"47":5,"48":5,"49":0,"50":7},"f":{"0":6,"1":7},"b":{"0":[0,6],"1":[2,5]},"_coverageSchema":"1a1c01bbd47fc00a2c39e90264f33305004495a9","hash":"93872b14054c23af02aca412c3becf4f8665ed5d"}
,"C:\\Users\\Inito\\Desktop\\inito\\server\\db.js": {"path":"C:\\Users\\Inito\\Desktop\\inito\\server\\db.js","statementMap":{"0":{"start":{"line":1,"column":19},"end":{"line":1,"column":32}},"1":{"start":{"line":2,"column":15},"end":{"line":2,"column":32}},"2":{"start":{"line":3,"column":0},"end":{"line":3,"column":16}},"3":{"start":{"line":5,"column":13},"end":{"line":5,"column":29}},"4":{"start":{"line":6,"column":13},"end":{"line":6,"column":29}},"5":{"start":{"line":7,"column":13},"end":{"line":7,"column":29}},"6":{"start":{"line":8,"column":17},"end":{"line":8,"column":37}},"7":{"start":{"line":9,"column":17},"end":{"line":9,"column":37}},"8":{"start":{"line":12,"column":15},"end":{"line":18,"column":2}},"9":{"start":{"line":32,"column":48},"end":{"line":32,"column":83}},"10":{"start":{"line":33,"column":30},"end":{"line":33,"column":71}},"11":{"start":{"line":34,"column":19},"end":{"line":34,"column":57}},"12":{"start":{"line":35,"column":24},"end":{"line":35,"column":59}},"13":{"start":{"line":36,"column":24},"end":{"line":36,"column":66}},"14":{"start":{"line":37,"column":17},"end":{"line":37,"column":52}},"15":{"start":{"line":87,"column":0},"end":{"line":96,"column":2}}},"fnMap":{},"branchMap":{},"s":{"0":7,"1":7,"2":7,"3":7,"4":7,"5":7,"6":7,"7":7,"8":7,"9":7,"10":7,"11":7,"12":7,"13":7,"14":7,"15":7},"f":{},"b":{},"_coverageSchema":"1a1c01bbd47fc00a2c39e90264f33305004495a9","hash":"ac69e32cdc12f2995b5959ddaf5b0a09efb3d98c"}
,"C:\\Users\\Inito\\Desktop\\inito\\server\\controller\\accountController.js": {"path":"C:\\Users\\Inito\\Desktop\\inito\\server\\controller\\accountController.js","statementMap":{"0":{"start":{"line":1,"column":34},"end":{"line":1,"column":52}},"1":{"start":{"line":2,"column":16},"end":{"line":2,"column":34}},"2":{"start":{"line":8,"column":4},"end":{"line":8,"column":40}},"3":{"start":{"line":9,"column":26},"end":{"line":9,"column":62}},"4":{"start":{"line":10,"column":26},"end":{"line":10,"column":69}},"5":{"start":{"line":11,"column":15},"end":{"line":11,"column":31}},"6":{"start":{"line":12,"column":26},"end":{"line":12,"column":54}},"7":{"start":{"line":14,"column":20},"end":{"line":18,"column":1}},"8":{"start":{"line":15,"column":2},"end":{"line":17,"column":5}},"9":{"start":{"line":16,"column":4},"end":{"line":16,"column":18}},"10":{"start":{"line":20,"column":29},"end":{"line":24,"column":1}},"11":{"start":{"line":21,"column":2},"end":{"line":23,"column":5}},"12":{"start":{"line":22,"column":4},"end":{"line":22,"column":47}},"13":{"start":{"line":26,"column":27},"end":{"line":30,"column":1}},"14":{"start":{"line":27,"column":2},"end":{"line":29,"column":5}},"15":{"start":{"line":28,"column":4},"end":{"line":28,"column":42}},"16":{"start":{"line":32,"column":21},"end":{"line":36,"column":1}},"17":{"start":{"line":33,"column":2},"end":{"line":35,"column":5}},"18":{"start":{"line":34,"column":4},"end":{"line":34,"column":26}},"19":{"start":{"line":38,"column":19},"end":{"line":52,"column":1}},"20":{"start":{"line":39,"column":21},"end":{"line":39,"column":40}},"21":{"start":{"line":40,"column":23},"end":{"line":40,"column":44}},"22":{"start":{"line":41,"column":2},"end":{"line":51,"column":3}},"23":{"start":{"line":42,"column":4},"end":{"line":46,"column":7}},"24":{"start":{"line":48,"column":4},"end":{"line":50,"column":7}},"25":{"start":{"line":49,"column":6},"end":{"line":49,"column":26}},"26":{"start":{"line":54,"column":0},"end":{"line":60,"column":2}}},"fnMap":{"0":{"name":"(anonymous_0)","decl":{"start":{"line":14,"column":20},"end":{"line":14,"column":21}},"loc":{"start":{"line":14,"column":34},"end":{"line":18,"column":1}},"line":14},"1":{"name":"(anonymous_1)","decl":{"start":{"line":15,"column":29},"end":{"line":15,"column":30}},"loc":{"start":{"line":15,"column":38},"end":{"line":17,"column":3}},"line":15},"2":{"name":"(anonymous_2)","decl":{"start":{"line":20,"column":29},"end":{"line":20,"column":30}},"loc":{"start":{"line":20,"column":43},"end":{"line":24,"column":1}},"line":20},"3":{"name":"(anonymous_3)","decl":{"start":{"line":21,"column":26},"end":{"line":21,"column":27}},"loc":{"start":{"line":21,"column":44},"end":{"line":23,"column":3}},"line":21},"4":{"name":"(anonymous_4)","decl":{"start":{"line":26,"column":27},"end":{"line":26,"column":28}},"loc":{"start":{"line":26,"column":41},"end":{"line":30,"column":1}},"line":26},"5":{"name":"(anonymous_5)","decl":{"start":{"line":27,"column":26},"end":{"line":27,"column":27}},"loc":{"start":{"line":27,"column":39},"end":{"line":29,"column":3}},"line":27},"6":{"name":"(anonymous_6)","decl":{"start":{"line":32,"column":21},"end":{"line":32,"column":22}},"loc":{"start":{"line":32,"column":35},"end":{"line":36,"column":1}},"line":32},"7":{"name":"(anonymous_7)","decl":{"start":{"line":33,"column":19},"end":{"line":33,"column":20}},"loc":{"start":{"line":33,"column":32},"end":{"line":35,"column":3}},"line":33},"8":{"name":"(anonymous_8)","decl":{"start":{"line":38,"column":19},"end":{"line":38,"column":20}},"loc":{"start":{"line":38,"column":33},"end":{"line":52,"column":1}},"line":38},"9":{"name":"(anonymous_9)","decl":{"start":{"line":48,"column":32},"end":{"line":48,"column":33}},"loc":{"start":{"line":48,"column":45},"end":{"line":50,"column":5}},"line":48}},"branchMap":{"0":{"loc":{"start":{"line":41,"column":2},"end":{"line":51,"column":3}},"type":"if","locations":[{"start":{"line":41,"column":2},"end":{"line":51,"column":3}},{"start":{"line":47,"column":9},"end":{"line":51,"column":3}}],"line":41},"1":{"loc":{"start":{"line":41,"column":6},"end":{"line":41,"column":45}},"type":"binary-expr","locations":[{"start":{"line":41,"column":6},"end":{"line":41,"column":25}},{"start":{"line":41,"column":29},"end":{"line":41,"column":45}}],"line":41}},"s":{"0":7,"1":7,"2":7,"3":7,"4":7,"5":7,"6":7,"7":7,"8":6,"9":6,"10":7,"11":0,"12":0,"13":7,"14":0,"15":0,"16":7,"17":9,"18":9,"19":7,"20":5,"21":5,"22":5,"23":1,"24":4,"25":4,"26":7},"f":{"0":6,"1":6,"2":0,"3":0,"4":0,"5":0,"6":9,"7":9,"8":5,"9":4},"b":{"0":[1,4],"1":[5,4]},"_coverageSchema":"1a1c01bbd47fc00a2c39e90264f33305004495a9","hash":"1dcf263226fcdf2c501bc6938d2f3752362bcff3"}
,"C:\\Users\\Inito\\Desktop\\inito\\server\\controller\\transectionController.js": {"path":"C:\\Users\\Inito\\Desktop\\inito\\server\\controller\\transectionController.js","statementMap":{"0":{"start":{"line":1,"column":34},"end":{"line":1,"column":52}},"1":{"start":{"line":2,"column":16},"end":{"line":2,"column":34}},"2":{"start":{"line":4,"column":30},"end":{"line":4,"column":72}},"3":{"start":{"line":6,"column":22},"end":{"line":21,"column":1}},"4":{"start":{"line":7,"column":17},"end":{"line":7,"column":32}},"5":{"start":{"line":8,"column":22},"end":{"line":8,"column":42}},"6":{"start":{"line":10,"column":2},"end":{"line":20,"column":3}},"7":{"start":{"line":11,"column":4},"end":{"line":15,"column":7}},"8":{"start":{"line":17,"column":4},"end":{"line":19,"column":7}},"9":{"start":{"line":18,"column":6},"end":{"line":18,"column":40}},"10":{"start":{"line":23,"column":21},"end":{"line":27,"column":1}},"11":{"start":{"line":24,"column":2},"end":{"line":26,"column":5}},"12":{"start":{"line":25,"column":4},"end":{"line":25,"column":38}},"13":{"start":{"line":29,"column":0},"end":{"line":32,"column":2}}},"fnMap":{"0":{"name":"(anonymous_0)","decl":{"start":{"line":6,"column":22},"end":{"line":6,"column":23}},"loc":{"start":{"line":6,"column":36},"end":{"line":21,"column":1}},"line":6},"1":{"name":"(anonymous_1)","decl":{"start":{"line":17,"column":23},"end":{"line":17,"column":24}},"loc":{"start":{"line":17,"column":32},"end":{"line":19,"column":5}},"line":17},"2":{"name":"(anonymous_2)","decl":{"start":{"line":23,"column":21},"end":{"line":23,"column":22}},"loc":{"start":{"line":23,"column":35},"end":{"line":27,"column":1}},"line":23},"3":{"name":"(anonymous_3)","decl":{"start":{"line":24,"column":20},"end":{"line":24,"column":21}},"loc":{"start":{"line":24,"column":29},"end":{"line":26,"column":3}},"line":24}},"branchMap":{"0":{"loc":{"start":{"line":10,"column":2},"end":{"line":20,"column":3}},"type":"if","locations":[{"start":{"line":10,"column":2},"end":{"line":20,"column":3}},{"start":{"line":16,"column":9},"end":{"line":20,"column":3}}],"line":10},"1":{"loc":{"start":{"line":10,"column":6},"end":{"line":10,"column":47}},"type":"binary-expr","locations":[{"start":{"line":10,"column":6},"end":{"line":10,"column":20}},{"start":{"line":10,"column":24},"end":{"line":10,"column":47}}],"line":10}},"s":{"0":7,"1":7,"2":7,"3":7,"4":7,"5":7,"6":7,"7":0,"8":7,"9":7,"10":7,"11":4,"12":4,"13":7},"f":{"0":7,"1":7,"2":4,"3":4},"b":{"0":[0,7],"1":[7,0]},"_coverageSchema":"1a1c01bbd47fc00a2c39e90264f33305004495a9","hash":"e1db58dcc9bf8bba86d2cf1cf7e1f07bf6a2cece"}
,"C:\\Users\\Inito\\Desktop\\inito\\server\\controller\\transferController.js": {"path":"C:\\Users\\Inito\\Desktop\\inito\\server\\controller\\transferController.js","statementMap":{"0":{"start":{"line":1,"column":34},"end":{"line":1,"column":52}},"1":{"start":{"line":2,"column":16},"end":{"line":2,"column":34}},"2":{"start":{"line":4,"column":21},"end":{"line":4,"column":37}},"3":{"start":{"line":6,"column":22},"end":{"line":10,"column":1}},"4":{"start":{"line":7,"column":2},"end":{"line":9,"column":5}},"5":{"start":{"line":8,"column":4},"end":{"line":8,"column":38}},"6":{"start":{"line":12,"column":0},"end":{"line":14,"column":2}}},"fnMap":{"0":{"name":"(anonymous_0)","decl":{"start":{"line":6,"column":22},"end":{"line":6,"column":23}},"loc":{"start":{"line":6,"column":36},"end":{"line":10,"column":1}},"line":6},"1":{"name":"(anonymous_1)","decl":{"start":{"line":7,"column":21},"end":{"line":7,"column":22}},"loc":{"start":{"line":7,"column":30},"end":{"line":9,"column":3}},"line":7}},"branchMap":{},"s":{"0":7,"1":7,"2":7,"3":7,"4":0,"5":0,"6":7},"f":{"0":0,"1":0},"b":{},"_coverageSchema":"1a1c01bbd47fc00a2c39e90264f33305004495a9","hash":"c5745b3c0b16bebb4cc2f8c9c76a48884376bfeb"}
,"C:\\Users\\Inito\\Desktop\\inito\\server\\cronJobs\\currentCron.js": {"path":"C:\\Users\\Inito\\Desktop\\inito\\server\\cronJobs\\currentCron.js","statementMap":{"0":{"start":{"line":1,"column":19},"end":{"line":1,"column":32}},"1":{"start":{"line":2,"column":15},"end":{"line":2,"column":60}},"2":{"start":{"line":4,"column":13},"end":{"line":4,"column":29}},"3":{"start":{"line":5,"column":13},"end":{"line":5,"column":29}},"4":{"start":{"line":6,"column":13},"end":{"line":6,"column":29}},"5":{"start":{"line":7,"column":17},"end":{"line":7,"column":37}},"6":{"start":{"line":8,"column":17},"end":{"line":8,"column":37}},"7":{"start":{"line":10,"column":15},"end":{"line":16,"column":2}},"8":{"start":{"line":18,"column":0},"end":{"line":18,"column":17}},"9":{"start":{"line":20,"column":35},"end":{"line":20,"column":50}},"10":{"start":{"line":22,"column":16},"end":{"line":37,"column":1}},"11":{"start":{"line":23,"column":19},"end":{"line":23,"column":26}},"12":{"start":{"line":24,"column":15},"end":{"line":24,"column":16}},"13":{"start":{"line":25,"column":14},"end":{"line":28,"column":3}},"14":{"start":{"line":30,"column":2},"end":{"line":34,"column":3}},"15":{"start":{"line":31,"column":4},"end":{"line":31,"column":15}},"16":{"start":{"line":33,"column":4},"end":{"line":33,"column":29}},"17":{"start":{"line":36,"column":2},"end":{"line":36,"column":29}},"18":{"start":{"line":39,"column":26},"end":{"line":91,"column":1}},"19":{"start":{"line":40,"column":20},"end":{"line":40,"column":30}},"20":{"start":{"line":41,"column":16},"end":{"line":41,"column":36}},"21":{"start":{"line":42,"column":15},"end":{"line":42,"column":38}},"22":{"start":{"line":44,"column":15},"end":{"line":44,"column":22}},"23":{"start":{"line":46,"column":2},"end":{"line":51,"column":3}},"24":{"start":{"line":46,"column":15},"end":{"line":46,"column":17}},"25":{"start":{"line":47,"column":21},"end":{"line":47,"column":45}},"26":{"start":{"line":49,"column":16},"end":{"line":49,"column":65}},"27":{"start":{"line":50,"column":4},"end":{"line":50,"column":38}},"28":{"start":{"line":53,"column":2},"end":{"line":53,"column":37}},"29":{"start":{"line":54,"column":2},"end":{"line":54,"column":22}},"30":{"start":{"line":56,"column":2},"end":{"line":90,"column":3}},"31":{"start":{"line":57,"column":4},"end":{"line":89,"column":6}},"32":{"start":{"line":61,"column":8},"end":{"line":87,"column":9}},"33":{"start":{"line":62,"column":10},"end":{"line":62,"column":27}},"34":{"start":{"line":65,"column":29},"end":{"line":65,"column":55}},"35":{"start":{"line":67,"column":10},"end":{"line":70,"column":13}},"36":{"start":{"line":72,"column":35},"end":{"line":72,"column":70}},"37":{"start":{"line":73,"column":28},"end":{"line":73,"column":38}},"38":{"start":{"line":74,"column":32},"end":{"line":74,"column":40}},"39":{"start":{"line":75,"column":35},"end":{"line":75,"column":40}},"40":{"start":{"line":76,"column":10},"end":{"line":86,"column":12}},"41":{"start":{"line":93,"column":19},"end":{"line":102,"column":1}},"42":{"start":{"line":94,"column":14},"end":{"line":94,"column":66}},"43":{"start":{"line":95,"column":10},"end":{"line":95,"column":25}},"44":{"start":{"line":96,"column":2},"end":{"line":101,"column":3}},"45":{"start":{"line":96,"column":15},"end":{"line":96,"column":16}},"46":{"start":{"line":97,"column":13},"end":{"line":97,"column":27}},"47":{"start":{"line":98,"column":18},"end":{"line":98,"column":37}},"48":{"start":{"line":99,"column":24},"end":{"line":99,"column":50}},"49":{"start":{"line":100,"column":4},"end":{"line":100,"column":56}},"50":{"start":{"line":104,"column":33},"end":{"line":144,"column":1}},"51":{"start":{"line":105,"column":14},"end":{"line":105,"column":66}},"52":{"start":{"line":106,"column":10},"end":{"line":106,"column":25}},"53":{"start":{"line":107,"column":2},"end":{"line":143,"column":3}},"54":{"start":{"line":107,"column":15},"end":{"line":107,"column":16}},"55":{"start":{"line":108,"column":13},"end":{"line":108,"column":27}},"56":{"start":{"line":109,"column":18},"end":{"line":109,"column":37}},"57":{"start":{"line":110,"column":24},"end":{"line":110,"column":50}},"58":{"start":{"line":112,"column":36},"end":{"line":112,"column":77}},"59":{"start":{"line":113,"column":4},"end":{"line":116,"column":6}},"60":{"start":{"line":118,"column":4},"end":{"line":142,"column":5}},"61":{"start":{"line":121,"column":25},"end":{"line":121,"column":50}},"62":{"start":{"line":123,"column":6},"end":{"line":127,"column":9}},"63":{"start":{"line":130,"column":8},"end":{"line":130,"column":57}},"64":{"start":{"line":131,"column":24},"end":{"line":131,"column":34}},"65":{"start":{"line":132,"column":28},"end":{"line":132,"column":36}},"66":{"start":{"line":133,"column":31},"end":{"line":133,"column":35}},"67":{"start":{"line":134,"column":6},"end":{"line":141,"column":9}},"68":{"start":{"line":146,"column":0},"end":{"line":149,"column":2}}},"fnMap":{"0":{"name":"(anonymous_0)","decl":{"start":{"line":22,"column":16},"end":{"line":22,"column":17}},"loc":{"start":{"line":22,"column":66},"end":{"line":37,"column":1}},"line":22},"1":{"name":"(anonymous_1)","decl":{"start":{"line":39,"column":26},"end":{"line":39,"column":27}},"loc":{"start":{"line":39,"column":64},"end":{"line":91,"column":1}},"line":39},"2":{"name":"(anonymous_2)","decl":{"start":{"line":60,"column":6},"end":{"line":60,"column":7}},"loc":{"start":{"line":60,"column":20},"end":{"line":88,"column":7}},"line":60},"3":{"name":"(anonymous_3)","decl":{"start":{"line":93,"column":19},"end":{"line":93,"column":20}},"loc":{"start":{"line":93,"column":31},"end":{"line":102,"column":1}},"line":93},"4":{"name":"(anonymous_4)","decl":{"start":{"line":104,"column":33},"end":{"line":104,"column":34}},"loc":{"start":{"line":104,"column":45},"end":{"line":144,"column":1}},"line":104}},"branchMap":{"0":{"loc":{"start":{"line":30,"column":2},"end":{"line":34,"column":3}},"type":"if","locations":[{"start":{"line":30,"column":2},"end":{"line":34,"column":3}},{"start":{"line":32,"column":9},"end":{"line":34,"column":3}}],"line":30},"1":{"loc":{"start":{"line":56,"column":2},"end":{"line":90,"column":3}},"type":"if","locations":[{"start":{"line":56,"column":2},"end":{"line":90,"column":3}},{"start":{},"end":{}}],"line":56},"2":{"loc":{"start":{"line":61,"column":8},"end":{"line":87,"column":9}},"type":"if","locations":[{"start":{"line":61,"column":8},"end":{"line":87,"column":9}},{"start":{"line":63,"column":15},"end":{"line":87,"column":9}}],"line":61},"3":{"loc":{"start":{"line":118,"column":4},"end":{"line":142,"column":5}},"type":"if","locations":[{"start":{"line":118,"column":4},"end":{"line":142,"column":5}},{"start":{},"end":{}}],"line":118}},"s":{"0":7,"1":7,"2":7,"3":7,"4":7,"5":7,"6":7,"7":7,"8":7,"9":7,"10":7,"11":0,"12":0,"13":0,"14":0,"15":0,"16":0,"17":0,"18":7,"19":0,"20":0,"21":0,"22":0,"23":0,"24":0,"25":0,"26":0,"27":0,"28":0,"29":0,"30":0,"31":0,"32":0,"33":0,"34":0,"35":0,"36":0,"37":0,"38":0,"39":0,"40":0,"41":7,"42":0,"43":0,"44":0,"45":0,"46":0,"47":0,"48":0,"49":0,"50":7,"51":0,"52":0,"53":0,"54":0,"55":0,"56":0,"57":0,"58":0,"59":0,"60":0,"61":0,"62":0,"63":0,"64":0,"65":0,"66":0,"67":0,"68":7},"f":{"0":0,"1":0,"2":0,"3":0,"4":0},"b":{"0":[0,0],"1":[0,0],"2":[0,0],"3":[0,0]},"_coverageSchema":"1a1c01bbd47fc00a2c39e90264f33305004495a9","hash":"5f9ebba9b8caed1b6254c05662a061be8f59bf2b"}
,"C:\\Users\\Inito\\Desktop\\inito\\server\\cronJobs\\loanCron.js": {"path":"C:\\Users\\Inito\\Desktop\\inito\\server\\cronJobs\\loanCron.js","statementMap":{"0":{"start":{"line":1,"column":19},"end":{"line":1,"column":32}},"1":{"start":{"line":2,"column":15},"end":{"line":2,"column":60}},"2":{"start":{"line":4,"column":13},"end":{"line":4,"column":29}},"3":{"start":{"line":5,"column":13},"end":{"line":5,"column":29}},"4":{"start":{"line":6,"column":13},"end":{"line":6,"column":29}},"5":{"start":{"line":7,"column":17},"end":{"line":7,"column":37}},"6":{"start":{"line":8,"column":17},"end":{"line":8,"column":37}},"7":{"start":{"line":10,"column":15},"end":{"line":16,"column":2}},"8":{"start":{"line":18,"column":0},"end":{"line":18,"column":17}},"9":{"start":{"line":20,"column":35},"end":{"line":20,"column":50}},"10":{"start":{"line":21,"column":32},"end":{"line":21,"column":60}},"11":{"start":{"line":23,"column":16},"end":{"line":38,"column":1}},"12":{"start":{"line":24,"column":19},"end":{"line":24,"column":26}},"13":{"start":{"line":25,"column":15},"end":{"line":25,"column":16}},"14":{"start":{"line":26,"column":14},"end":{"line":29,"column":3}},"15":{"start":{"line":31,"column":2},"end":{"line":35,"column":3}},"16":{"start":{"line":32,"column":4},"end":{"line":32,"column":15}},"17":{"start":{"line":34,"column":4},"end":{"line":34,"column":29}},"18":{"start":{"line":37,"column":2},"end":{"line":37,"column":29}},"19":{"start":{"line":40,"column":24},"end":{"line":98,"column":1}},"20":{"start":{"line":46,"column":20},"end":{"line":46,"column":30}},"21":{"start":{"line":47,"column":16},"end":{"line":47,"column":36}},"22":{"start":{"line":48,"column":15},"end":{"line":48,"column":38}},"23":{"start":{"line":50,"column":29},"end":{"line":50,"column":52}},"24":{"start":{"line":52,"column":2},"end":{"line":60,"column":3}},"25":{"start":{"line":52,"column":15},"end":{"line":52,"column":17}},"26":{"start":{"line":53,"column":4},"end":{"line":59,"column":5}},"27":{"start":{"line":53,"column":17},"end":{"line":53,"column":22}},"28":{"start":{"line":54,"column":23},"end":{"line":54,"column":47}},"29":{"start":{"line":55,"column":18},"end":{"line":57,"column":7}},"30":{"start":{"line":58,"column":6},"end":{"line":58,"column":68}},"31":{"start":{"line":62,"column":25},"end":{"line":62,"column":26}},"32":{"start":{"line":63,"column":23},"end":{"line":63,"column":24}},"33":{"start":{"line":64,"column":2},"end":{"line":80,"column":3}},"34":{"start":{"line":65,"column":4},"end":{"line":66,"column":68}},"35":{"start":{"line":67,"column":4},"end":{"line":67,"column":45}},"36":{"start":{"line":68,"column":9},"end":{"line":80,"column":3}},"37":{"start":{"line":69,"column":4},"end":{"line":70,"column":68}},"38":{"start":{"line":71,"column":4},"end":{"line":71,"column":45}},"39":{"start":{"line":72,"column":9},"end":{"line":80,"column":3}},"40":{"start":{"line":73,"column":4},"end":{"line":74,"column":69}},"41":{"start":{"line":75,"column":4},"end":{"line":75,"column":46}},"42":{"start":{"line":76,"column":9},"end":{"line":80,"column":3}},"43":{"start":{"line":77,"column":4},"end":{"line":78,"column":69}},"44":{"start":{"line":79,"column":4},"end":{"line":79,"column":45}},"45":{"start":{"line":82,"column":2},"end":{"line":85,"column":4}},"46":{"start":{"line":87,"column":27},"end":{"line":87,"column":49}},"47":{"start":{"line":88,"column":24},"end":{"line":88,"column":32}},"48":{"start":{"line":90,"column":2},"end":{"line":97,"column":5}},"49":{"start":{"line":100,"column":20},"end":{"line":116,"column":1}},"50":{"start":{"line":101,"column":14},"end":{"line":101,"column":63}},"51":{"start":{"line":102,"column":10},"end":{"line":102,"column":25}},"52":{"start":{"line":103,"column":2},"end":{"line":115,"column":3}},"53":{"start":{"line":103,"column":15},"end":{"line":103,"column":16}},"54":{"start":{"line":104,"column":13},"end":{"line":104,"column":27}},"55":{"start":{"line":105,"column":22},"end":{"line":105,"column":46}},"56":{"start":{"line":106,"column":28},"end":{"line":106,"column":54}},"57":{"start":{"line":107,"column":24},"end":{"line":107,"column":51}},"58":{"start":{"line":108,"column":22},"end":{"line":108,"column":47}},"59":{"start":{"line":109,"column":20},"end":{"line":109,"column":30}},"60":{"start":{"line":110,"column":19},"end":{"line":110,"column":40}},"61":{"start":{"line":112,"column":4},"end":{"line":114,"column":5}},"62":{"start":{"line":113,"column":6},"end":{"line":113,"column":68}},"63":{"start":{"line":118,"column":0},"end":{"line":120,"column":2}}},"fnMap":{"0":{"name":"(anonymous_0)","decl":{"start":{"line":23,"column":16},"end":{"line":23,"column":17}},"loc":{"start":{"line":23,"column":66},"end":{"line":38,"column":1}},"line":23},"1":{"name":"(anonymous_1)","decl":{"start":{"line":40,"column":24},"end":{"line":40,"column":25}},"loc":{"start":{"line":45,"column":5},"end":{"line":98,"column":1}},"line":45},"2":{"name":"(anonymous_2)","decl":{"start":{"line":100,"column":20},"end":{"line":100,"column":21}},"loc":{"start":{"line":100,"column":32},"end":{"line":116,"column":1}},"line":100}},"branchMap":{"0":{"loc":{"start":{"line":31,"column":2},"end":{"line":35,"column":3}},"type":"if","locations":[{"start":{"line":31,"column":2},"end":{"line":35,"column":3}},{"start":{"line":33,"column":9},"end":{"line":35,"column":3}}],"line":31},"1":{"loc":{"start":{"line":64,"column":2},"end":{"line":80,"column":3}},"type":"if","locations":[{"start":{"line":64,"column":2},"end":{"line":80,"column":3}},{"start":{"line":68,"column":9},"end":{"line":80,"column":3}}],"line":64},"2":{"loc":{"start":{"line":68,"column":9},"end":{"line":80,"column":3}},"type":"if","locations":[{"start":{"line":68,"column":9},"end":{"line":80,"column":3}},{"start":{"line":72,"column":9},"end":{"line":80,"column":3}}],"line":68},"3":{"loc":{"start":{"line":72,"column":9},"end":{"line":80,"column":3}},"type":"if","locations":[{"start":{"line":72,"column":9},"end":{"line":80,"column":3}},{"start":{"line":76,"column":9},"end":{"line":80,"column":3}}],"line":72},"4":{"loc":{"start":{"line":76,"column":9},"end":{"line":80,"column":3}},"type":"if","locations":[{"start":{"line":76,"column":9},"end":{"line":80,"column":3}},{"start":{},"end":{}}],"line":76},"5":{"loc":{"start":{"line":112,"column":4},"end":{"line":114,"column":5}},"type":"if","locations":[{"start":{"line":112,"column":4},"end":{"line":114,"column":5}},{"start":{},"end":{}}],"line":112}},"s":{"0":7,"1":7,"2":7,"3":7,"4":7,"5":7,"6":7,"7":7,"8":7,"9":7,"10":7,"11":7,"12":0,"13":0,"14":0,"15":0,"16":0,"17":0,"18":0,"19":7,"20":0,"21":0,"22":0,"23":0,"24":0,"25":0,"26":0,"27":0,"28":0,"29":0,"30":0,"31":0,"32":0,"33":0,"34":0,"35":0,"36":0,"37":0,"38":0,"39":0,"40":0,"41":0,"42":0,"43":0,"44":0,"45":0,"46":0,"47":0,"48":0,"49":7,"50":0,"51":0,"52":0,"53":0,"54":0,"55":0,"56":0,"57":0,"58":0,"59":0,"60":0,"61":0,"62":0,"63":7},"f":{"0":0,"1":0,"2":0},"b":{"0":[0,0],"1":[0,0],"2":[0,0],"3":[0,0],"4":[0,0],"5":[0,0]},"_coverageSchema":"1a1c01bbd47fc00a2c39e90264f33305004495a9","hash":"3f331bad11fc6a5a41eb4514ae8e7a7d078ab9d8"}
,"C:\\Users\\Inito\\Desktop\\inito\\server\\cronJobs\\savingsCron.js": {"path":"C:\\Users\\Inito\\Desktop\\inito\\server\\cronJobs\\savingsCron.js","statementMap":{"0":{"start":{"line":1,"column":19},"end":{"line":1,"column":32}},"1":{"start":{"line":2,"column":15},"end":{"line":2,"column":60}},"2":{"start":{"line":5,"column":13},"end":{"line":5,"column":29}},"3":{"start":{"line":6,"column":13},"end":{"line":6,"column":29}},"4":{"start":{"line":7,"column":13},"end":{"line":7,"column":29}},"5":{"start":{"line":8,"column":17},"end":{"line":8,"column":37}},"6":{"start":{"line":9,"column":17},"end":{"line":9,"column":37}},"7":{"start":{"line":11,"column":15},"end":{"line":17,"column":2}},"8":{"start":{"line":19,"column":0},"end":{"line":19,"column":17}},"9":{"start":{"line":21,"column":35},"end":{"line":21,"column":50}},"10":{"start":{"line":23,"column":16},"end":{"line":38,"column":1}},"11":{"start":{"line":24,"column":19},"end":{"line":24,"column":26}},"12":{"start":{"line":25,"column":15},"end":{"line":25,"column":16}},"13":{"start":{"line":26,"column":14},"end":{"line":29,"column":3}},"14":{"start":{"line":31,"column":2},"end":{"line":35,"column":3}},"15":{"start":{"line":32,"column":4},"end":{"line":32,"column":15}},"16":{"start":{"line":34,"column":4},"end":{"line":34,"column":29}},"17":{"start":{"line":37,"column":2},"end":{"line":37,"column":29}},"18":{"start":{"line":40,"column":30},"end":{"line":86,"column":1}},"19":{"start":{"line":41,"column":20},"end":{"line":41,"column":30}},"20":{"start":{"line":42,"column":16},"end":{"line":42,"column":36}},"21":{"start":{"line":43,"column":15},"end":{"line":43,"column":38}},"22":{"start":{"line":45,"column":15},"end":{"line":45,"column":22}},"23":{"start":{"line":47,"column":2},"end":{"line":52,"column":3}},"24":{"start":{"line":47,"column":15},"end":{"line":47,"column":17}},"25":{"start":{"line":48,"column":21},"end":{"line":48,"column":45}},"26":{"start":{"line":50,"column":16},"end":{"line":50,"column":80}},"27":{"start":{"line":51,"column":4},"end":{"line":51,"column":38}},"28":{"start":{"line":54,"column":24},"end":{"line":54,"column":51}},"29":{"start":{"line":55,"column":2},"end":{"line":55,"column":55}},"30":{"start":{"line":58,"column":2},"end":{"line":85,"column":4}},"31":{"start":{"line":62,"column":6},"end":{"line":83,"column":7}},"32":{"start":{"line":63,"column":8},"end":{"line":63,"column":25}},"33":{"start":{"line":65,"column":27},"end":{"line":65,"column":76}},"34":{"start":{"line":66,"column":8},"end":{"line":70,"column":11}},"35":{"start":{"line":72,"column":33},"end":{"line":72,"column":77}},"36":{"start":{"line":73,"column":26},"end":{"line":73,"column":36}},"37":{"start":{"line":74,"column":30},"end":{"line":74,"column":38}},"38":{"start":{"line":75,"column":8},"end":{"line":82,"column":11}},"39":{"start":{"line":88,"column":26},"end":{"line":132,"column":1}},"40":{"start":{"line":89,"column":20},"end":{"line":89,"column":30}},"41":{"start":{"line":90,"column":16},"end":{"line":90,"column":36}},"42":{"start":{"line":91,"column":15},"end":{"line":91,"column":38}},"43":{"start":{"line":93,"column":15},"end":{"line":93,"column":22}},"44":{"start":{"line":95,"column":2},"end":{"line":100,"column":3}},"45":{"start":{"line":95,"column":15},"end":{"line":95,"column":17}},"46":{"start":{"line":96,"column":21},"end":{"line":96,"column":45}},"47":{"start":{"line":98,"column":16},"end":{"line":98,"column":80}},"48":{"start":{"line":99,"column":4},"end":{"line":99,"column":38}},"49":{"start":{"line":102,"column":2},"end":{"line":131,"column":3}},"50":{"start":{"line":103,"column":4},"end":{"line":130,"column":6}},"51":{"start":{"line":107,"column":8},"end":{"line":128,"column":9}},"52":{"start":{"line":108,"column":10},"end":{"line":108,"column":27}},"53":{"start":{"line":110,"column":29},"end":{"line":110,"column":55}},"54":{"start":{"line":111,"column":10},"end":{"line":114,"column":12}},"55":{"start":{"line":116,"column":35},"end":{"line":116,"column":70}},"56":{"start":{"line":118,"column":28},"end":{"line":118,"column":38}},"57":{"start":{"line":119,"column":32},"end":{"line":119,"column":40}},"58":{"start":{"line":120,"column":10},"end":{"line":127,"column":13}},"59":{"start":{"line":134,"column":22},"end":{"line":144,"column":1}},"60":{"start":{"line":135,"column":14},"end":{"line":135,"column":65}},"61":{"start":{"line":136,"column":10},"end":{"line":136,"column":25}},"62":{"start":{"line":137,"column":2},"end":{"line":143,"column":3}},"63":{"start":{"line":137,"column":15},"end":{"line":137,"column":16}},"64":{"start":{"line":138,"column":13},"end":{"line":138,"column":27}},"65":{"start":{"line":139,"column":18},"end":{"line":139,"column":37}},"66":{"start":{"line":140,"column":24},"end":{"line":140,"column":50}},"67":{"start":{"line":141,"column":4},"end":{"line":141,"column":60}},"68":{"start":{"line":146,"column":18},"end":{"line":155,"column":1}},"69":{"start":{"line":147,"column":14},"end":{"line":147,"column":65}},"70":{"start":{"line":148,"column":10},"end":{"line":148,"column":25}},"71":{"start":{"line":149,"column":2},"end":{"line":154,"column":3}},"72":{"start":{"line":149,"column":15},"end":{"line":149,"column":16}},"73":{"start":{"line":150,"column":13},"end":{"line":150,"column":27}},"74":{"start":{"line":151,"column":18},"end":{"line":151,"column":37}},"75":{"start":{"line":152,"column":24},"end":{"line":152,"column":50}},"76":{"start":{"line":153,"column":4},"end":{"line":153,"column":56}},"77":{"start":{"line":157,"column":30},"end":{"line":159,"column":1}},"78":{"start":{"line":158,"column":2},"end":{"line":158,"column":77}},"79":{"start":{"line":161,"column":0},"end":{"line":165,"column":2}},"80":{"start":{"line":167,"column":0},"end":{"line":167,"column":12}}},"fnMap":{"0":{"name":"(anonymous_0)","decl":{"start":{"line":23,"column":16},"end":{"line":23,"column":17}},"loc":{"start":{"line":23,"column":66},"end":{"line":38,"column":1}},"line":23},"1":{"name":"(anonymous_1)","decl":{"start":{"line":40,"column":30},"end":{"line":40,"column":31}},"loc":{"start":{"line":40,"column":68},"end":{"line":86,"column":1}},"line":40},"2":{"name":"(anonymous_2)","decl":{"start":{"line":61,"column":4},"end":{"line":61,"column":5}},"loc":{"start":{"line":61,"column":18},"end":{"line":84,"column":5}},"line":61},"3":{"name":"(anonymous_3)","decl":{"start":{"line":88,"column":26},"end":{"line":88,"column":27}},"loc":{"start":{"line":88,"column":64},"end":{"line":132,"column":1}},"line":88},"4":{"name":"(anonymous_4)","decl":{"start":{"line":106,"column":6},"end":{"line":106,"column":7}},"loc":{"start":{"line":106,"column":20},"end":{"line":129,"column":7}},"line":106},"5":{"name":"(anonymous_5)","decl":{"start":{"line":134,"column":22},"end":{"line":134,"column":23}},"loc":{"start":{"line":134,"column":34},"end":{"line":144,"column":1}},"line":134},"6":{"name":"(anonymous_6)","decl":{"start":{"line":146,"column":18},"end":{"line":146,"column":19}},"loc":{"start":{"line":146,"column":30},"end":{"line":155,"column":1}},"line":146},"7":{"name":"(anonymous_7)","decl":{"start":{"line":157,"column":30},"end":{"line":157,"column":31}},"loc":{"start":{"line":157,"column":42},"end":{"line":159,"column":1}},"line":157}},"branchMap":{"0":{"loc":{"start":{"line":31,"column":2},"end":{"line":35,"column":3}},"type":"if","locations":[{"start":{"line":31,"column":2},"end":{"line":35,"column":3}},{"start":{"line":33,"column":9},"end":{"line":35,"column":3}}],"line":31},"1":{"loc":{"start":{"line":62,"column":6},"end":{"line":83,"column":7}},"type":"if","locations":[{"start":{"line":62,"column":6},"end":{"line":83,"column":7}},{"start":{"line":64,"column":13},"end":{"line":83,"column":7}}],"line":62},"2":{"loc":{"start":{"line":102,"column":2},"end":{"line":131,"column":3}},"type":"if","locations":[{"start":{"line":102,"column":2},"end":{"line":131,"column":3}},{"start":{},"end":{}}],"line":102},"3":{"loc":{"start":{"line":107,"column":8},"end":{"line":128,"column":9}},"type":"if","locations":[{"start":{"line":107,"column":8},"end":{"line":128,"column":9}},{"start":{"line":109,"column":15},"end":{"line":128,"column":9}}],"line":107}},"s":{"0":7,"1":7,"2":7,"3":7,"4":7,"5":7,"6":7,"7":7,"8":7,"9":7,"10":7,"11":6,"12":6,"13":6,"14":6,"15":6,"16":0,"17":6,"18":7,"19":0,"20":0,"21":0,"22":0,"23":0,"24":0,"25":0,"26":0,"27":0,"28":0,"29":0,"30":0,"31":0,"32":0,"33":0,"34":0,"35":0,"36":0,"37":0,"38":0,"39":7,"40":3,"41":3,"42":3,"43":3,"44":3,"45":3,"46":6,"47":6,"48":6,"49":3,"50":0,"51":0,"52":0,"53":0,"54":0,"55":0,"56":0,"57":0,"58":0,"59":7,"60":0,"61":0,"62":0,"63":0,"64":0,"65":0,"66":0,"67":0,"68":7,"69":7,"70":6,"71":6,"72":6,"73":3,"74":3,"75":3,"76":3,"77":7,"78":0,"79":7,"80":7},"f":{"0":6,"1":0,"2":0,"3":3,"4":0,"5":0,"6":7,"7":0},"b":{"0":[6,0],"1":[0,0],"2":[0,3],"3":[0,0]},"_coverageSchema":"1a1c01bbd47fc00a2c39e90264f33305004495a9","hash":"d423159e89488e0acd7ada41389263f3f2ffcfe5"}
,"C:\\Users\\Inito\\Desktop\\inito\\server\\middleware\\authMiddleware.js": {"path":"C:\\Users\\Inito\\Desktop\\inito\\server\\middleware\\authMiddleware.js","statementMap":{"0":{"start":{"line":1,"column":12},"end":{"line":1,"column":35}},"1":{"start":{"line":3,"column":19},"end":{"line":3,"column":32}},"2":{"start":{"line":4,"column":23},"end":{"line":4,"column":51}},"3":{"start":{"line":5,"column":15},"end":{"line":5,"column":58}},"4":{"start":{"line":6,"column":15},"end":{"line":6,"column":39}},"5":{"start":{"line":8,"column":13},"end":{"line":8,"column":29}},"6":{"start":{"line":9,"column":13},"end":{"line":9,"column":29}},"7":{"start":{"line":10,"column":13},"end":{"line":10,"column":29}},"8":{"start":{"line":11,"column":17},"end":{"line":11,"column":37}},"9":{"start":{"line":12,"column":17},"end":{"line":12,"column":37}},"10":{"start":{"line":14,"column":15},"end":{"line":20,"column":2}},"11":{"start":{"line":22,"column":0},"end":{"line":22,"column":17}},"12":{"start":{"line":25,"column":23},"end":{"line":46,"column":1}},"13":{"start":{"line":26,"column":2},"end":{"line":45,"column":3}},"14":{"start":{"line":27,"column":18},"end":{"line":27,"column":59}},"15":{"start":{"line":28,"column":20},"end":{"line":28,"column":45}},"16":{"start":{"line":29,"column":15},"end":{"line":29,"column":44}},"17":{"start":{"line":30,"column":19},"end":{"line":33,"column":5}},"18":{"start":{"line":34,"column":17},"end":{"line":34,"column":31}},"19":{"start":{"line":35,"column":4},"end":{"line":42,"column":5}},"20":{"start":{"line":36,"column":6},"end":{"line":36,"column":22}},"21":{"start":{"line":37,"column":6},"end":{"line":37,"column":24}},"22":{"start":{"line":38,"column":6},"end":{"line":38,"column":13}},"23":{"start":{"line":40,"column":6},"end":{"line":40,"column":68}},"24":{"start":{"line":44,"column":4},"end":{"line":44,"column":16}},"25":{"start":{"line":47,"column":0},"end":{"line":47,"column":32}}},"fnMap":{"0":{"name":"(anonymous_0)","decl":{"start":{"line":25,"column":23},"end":{"line":25,"column":24}},"loc":{"start":{"line":25,"column":49},"end":{"line":46,"column":1}},"line":25}},"branchMap":{"0":{"loc":{"start":{"line":35,"column":4},"end":{"line":42,"column":5}},"type":"if","locations":[{"start":{"line":35,"column":4},"end":{"line":42,"column":5}},{"start":{"line":39,"column":11},"end":{"line":42,"column":5}}],"line":35},"1":{"loc":{"start":{"line":35,"column":8},"end":{"line":35,"column":73}},"type":"binary-expr","locations":[{"start":{"line":35,"column":8},"end":{"line":35,"column":12}},{"start":{"line":35,"column":18},"end":{"line":35,"column":34}},{"start":{"line":35,"column":40},"end":{"line":35,"column":71}}],"line":35}},"s":{"0":7,"1":7,"2":7,"3":7,"4":7,"5":7,"6":7,"7":7,"8":7,"9":7,"10":7,"11":7,"12":7,"13":22,"14":22,"15":22,"16":22,"17":22,"18":22,"19":22,"20":22,"21":22,"22":22,"23":0,"24":0,"25":7},"f":{"0":22},"b":{"0":[22,0],"1":[22,22,0]},"_coverageSchema":"1a1c01bbd47fc00a2c39e90264f33305004495a9","hash":"9df4d40595fdb79a8fac7a36b4d8e18443ea2612"}
,"C:\\Users\\Inito\\Desktop\\inito\\server\\models\\createModels.js": {"path":"C:\\Users\\Inito\\Desktop\\inito\\server\\models\\createModels.js","statementMap":{"0":{"start":{"line":1,"column":23},"end":{"line":1,"column":51}},"1":{"start":{"line":2,"column":15},"end":{"line":2,"column":60}},"2":{"start":{"line":4,"column":19},"end":{"line":4,"column":32}},"3":{"start":{"line":6,"column":13},"end":{"line":6,"column":29}},"4":{"start":{"line":7,"column":13},"end":{"line":7,"column":29}},"5":{"start":{"line":8,"column":13},"end":{"line":8,"column":29}},"6":{"start":{"line":9,"column":17},"end":{"line":9,"column":37}},"7":{"start":{"line":10,"column":17},"end":{"line":10,"column":37}},"8":{"start":{"line":12,"column":15},"end":{"line":18,"column":2}},"9":{"start":{"line":20,"column":0},"end":{"line":20,"column":17}},"10":{"start":{"line":22,"column":26},"end":{"line":30,"column":1}},"11":{"start":{"line":23,"column":2},"end":{"line":29,"column":5}},"12":{"start":{"line":32,"column":25},"end":{"line":55,"column":1}},"13":{"start":{"line":42,"column":2},"end":{"line":54,"column":4}},"14":{"start":{"line":57,"column":26},"end":{"line":74,"column":1}},"15":{"start":{"line":64,"column":2},"end":{"line":73,"column":4}},"16":{"start":{"line":76,"column":23},"end":{"line":89,"column":1}},"17":{"start":{"line":85,"column":2},"end":{"line":88,"column":4}},"18":{"start":{"line":91,"column":23},"end":{"line":109,"column":1}},"19":{"start":{"line":100,"column":2},"end":{"line":108,"column":5}},"20":{"start":{"line":111,"column":26},"end":{"line":116,"column":1}},"21":{"start":{"line":112,"column":2},"end":{"line":115,"column":5}},"22":{"start":{"line":118,"column":39},"end":{"line":123,"column":1}},"23":{"start":{"line":119,"column":14},"end":{"line":122,"column":3}},"24":{"start":{"line":125,"column":0},"end":{"line":133,"column":2}}},"fnMap":{"0":{"name":"(anonymous_0)","decl":{"start":{"line":22,"column":26},"end":{"line":22,"column":27}},"loc":{"start":{"line":22,"column":75},"end":{"line":30,"column":1}},"line":22},"1":{"name":"(anonymous_1)","decl":{"start":{"line":32,"column":25},"end":{"line":32,"column":26}},"loc":{"start":{"line":41,"column":6},"end":{"line":55,"column":1}},"line":41},"2":{"name":"(anonymous_2)","decl":{"start":{"line":57,"column":26},"end":{"line":57,"column":27}},"loc":{"start":{"line":63,"column":6},"end":{"line":74,"column":1}},"line":63},"3":{"name":"(anonymous_3)","decl":{"start":{"line":76,"column":23},"end":{"line":76,"column":24}},"loc":{"start":{"line":84,"column":6},"end":{"line":89,"column":1}},"line":84},"4":{"name":"(anonymous_4)","decl":{"start":{"line":91,"column":23},"end":{"line":91,"column":24}},"loc":{"start":{"line":99,"column":6},"end":{"line":109,"column":1}},"line":99},"5":{"name":"(anonymous_5)","decl":{"start":{"line":111,"column":26},"end":{"line":111,"column":27}},"loc":{"start":{"line":111,"column":40},"end":{"line":116,"column":1}},"line":111},"6":{"name":"(anonymous_6)","decl":{"start":{"line":118,"column":39},"end":{"line":118,"column":40}},"loc":{"start":{"line":118,"column":78},"end":{"line":123,"column":1}},"line":118}},"branchMap":{},"s":{"0":7,"1":7,"2":7,"3":7,"4":7,"5":7,"6":7,"7":7,"8":7,"9":7,"10":7,"11":8,"12":7,"13":3,"14":7,"15":3,"16":7,"17":8,"18":7,"19":1,"20":7,"21":1,"22":7,"23":6,"24":7},"f":{"0":8,"1":3,"2":3,"3":8,"4":1,"5":1,"6":6},"b":{},"_coverageSchema":"1a1c01bbd47fc00a2c39e90264f33305004495a9","hash":"6c5ea69a7af4f6567bd29431e287cd993768ebd5"}
,"C:\\Users\\Inito\\Desktop\\inito\\server\\models\\transectionModels.js": {"path":"C:\\Users\\Inito\\Desktop\\inito\\server\\models\\transectionModels.js","statementMap":{"0":{"start":{"line":1,"column":15},"end":{"line":1,"column":60}},"1":{"start":{"line":2,"column":19},"end":{"line":2,"column":32}},"2":{"start":{"line":3,"column":13},"end":{"line":3,"column":29}},"3":{"start":{"line":4,"column":13},"end":{"line":4,"column":29}},"4":{"start":{"line":5,"column":13},"end":{"line":5,"column":29}},"5":{"start":{"line":6,"column":17},"end":{"line":6,"column":37}},"6":{"start":{"line":7,"column":17},"end":{"line":7,"column":37}},"7":{"start":{"line":9,"column":15},"end":{"line":15,"column":2}},"8":{"start":{"line":17,"column":0},"end":{"line":17,"column":17}},"9":{"start":{"line":19,"column":32},"end":{"line":29,"column":1}},"10":{"start":{"line":25,"column":2},"end":{"line":28,"column":4}},"11":{"start":{"line":31,"column":33},"end":{"line":41,"column":1}},"12":{"start":{"line":37,"column":2},"end":{"line":40,"column":4}},"13":{"start":{"line":43,"column":30},"end":{"line":49,"column":1}},"14":{"start":{"line":44,"column":2},"end":{"line":48,"column":5}},"15":{"start":{"line":51,"column":30},"end":{"line":67,"column":1}},"16":{"start":{"line":59,"column":2},"end":{"line":66,"column":5}},"17":{"start":{"line":69,"column":0},"end":{"line":74,"column":2}}},"fnMap":{"0":{"name":"(anonymous_0)","decl":{"start":{"line":19,"column":32},"end":{"line":19,"column":33}},"loc":{"start":{"line":24,"column":6},"end":{"line":29,"column":1}},"line":24},"1":{"name":"(anonymous_1)","decl":{"start":{"line":31,"column":33},"end":{"line":31,"column":34}},"loc":{"start":{"line":36,"column":6},"end":{"line":41,"column":1}},"line":36},"2":{"name":"(anonymous_2)","decl":{"start":{"line":43,"column":30},"end":{"line":43,"column":31}},"loc":{"start":{"line":43,"column":79},"end":{"line":49,"column":1}},"line":43},"3":{"name":"(anonymous_3)","decl":{"start":{"line":51,"column":30},"end":{"line":51,"column":31}},"loc":{"start":{"line":58,"column":6},"end":{"line":67,"column":1}},"line":58}},"branchMap":{},"s":{"0":7,"1":7,"2":7,"3":7,"4":7,"5":7,"6":7,"7":7,"8":7,"9":7,"10":13,"11":7,"12":4,"13":7,"14":1,"15":7,"16":23,"17":7},"f":{"0":13,"1":4,"2":1,"3":23},"b":{},"_coverageSchema":"1a1c01bbd47fc00a2c39e90264f33305004495a9","hash":"5117d8453a8f4a946040593cb57828739fcb3487"}
,"C:\\Users\\Inito\\Desktop\\inito\\server\\models\\userModels.js": {"path":"C:\\Users\\Inito\\Desktop\\inito\\server\\models\\userModels.js","statementMap":{"0":{"start":{"line":1,"column":23},"end":{"line":1,"column":51}},"1":{"start":{"line":2,"column":15},"end":{"line":2,"column":60}},"2":{"start":{"line":4,"column":19},"end":{"line":4,"column":32}},"3":{"start":{"line":6,"column":13},"end":{"line":6,"column":29}},"4":{"start":{"line":7,"column":13},"end":{"line":7,"column":29}},"5":{"start":{"line":8,"column":13},"end":{"line":8,"column":29}},"6":{"start":{"line":9,"column":17},"end":{"line":9,"column":37}},"7":{"start":{"line":10,"column":17},"end":{"line":10,"column":37}},"8":{"start":{"line":12,"column":15},"end":{"line":18,"column":2}},"9":{"start":{"line":20,"column":0},"end":{"line":20,"column":17}},"10":{"start":{"line":22,"column":16},"end":{"line":24,"column":1}},"11":{"start":{"line":23,"column":2},"end":{"line":23,"column":69}},"12":{"start":{"line":26,"column":17},"end":{"line":28,"column":1}},"13":{"start":{"line":27,"column":2},"end":{"line":27,"column":67}},"14":{"start":{"line":30,"column":23},"end":{"line":32,"column":1}},"15":{"start":{"line":31,"column":2},"end":{"line":31,"column":73}},"16":{"start":{"line":34,"column":24},"end":{"line":36,"column":1}},"17":{"start":{"line":35,"column":2},"end":{"line":35,"column":74}},"18":{"start":{"line":38,"column":24},"end":{"line":40,"column":1}},"19":{"start":{"line":39,"column":2},"end":{"line":39,"column":65}},"20":{"start":{"line":42,"column":21},"end":{"line":44,"column":1}},"21":{"start":{"line":43,"column":2},"end":{"line":43,"column":71}},"22":{"start":{"line":46,"column":25},"end":{"line":52,"column":1}},"23":{"start":{"line":47,"column":2},"end":{"line":50,"column":4}},"24":{"start":{"line":55,"column":34},"end":{"line":66,"column":1}},"25":{"start":{"line":62,"column":2},"end":{"line":65,"column":4}},"26":{"start":{"line":67,"column":0},"end":{"line":76,"column":2}}},"fnMap":{"0":{"name":"(anonymous_0)","decl":{"start":{"line":22,"column":16},"end":{"line":22,"column":17}},"loc":{"start":{"line":22,"column":30},"end":{"line":24,"column":1}},"line":22},"1":{"name":"(anonymous_1)","decl":{"start":{"line":26,"column":17},"end":{"line":26,"column":18}},"loc":{"start":{"line":26,"column":31},"end":{"line":28,"column":1}},"line":26},"2":{"name":"(anonymous_2)","decl":{"start":{"line":30,"column":23},"end":{"line":30,"column":24}},"loc":{"start":{"line":30,"column":37},"end":{"line":32,"column":1}},"line":30},"3":{"name":"(anonymous_3)","decl":{"start":{"line":34,"column":24},"end":{"line":34,"column":25}},"loc":{"start":{"line":34,"column":38},"end":{"line":36,"column":1}},"line":34},"4":{"name":"(anonymous_4)","decl":{"start":{"line":38,"column":24},"end":{"line":38,"column":25}},"loc":{"start":{"line":38,"column":38},"end":{"line":40,"column":1}},"line":38},"5":{"name":"(anonymous_5)","decl":{"start":{"line":42,"column":21},"end":{"line":42,"column":22}},"loc":{"start":{"line":42,"column":35},"end":{"line":44,"column":1}},"line":42},"6":{"name":"(anonymous_6)","decl":{"start":{"line":46,"column":25},"end":{"line":46,"column":26}},"loc":{"start":{"line":46,"column":36},"end":{"line":52,"column":1}},"line":46},"7":{"name":"(anonymous_7)","decl":{"start":{"line":55,"column":34},"end":{"line":55,"column":35}},"loc":{"start":{"line":61,"column":6},"end":{"line":66,"column":1}},"line":61}},"branchMap":{},"s":{"0":7,"1":7,"2":7,"3":7,"4":7,"5":7,"6":7,"7":7,"8":7,"9":7,"10":7,"11":15,"12":7,"13":9,"14":7,"15":16,"16":7,"17":7,"18":7,"19":6,"20":7,"21":2,"22":7,"23":0,"24":7,"25":15,"26":7},"f":{"0":15,"1":9,"2":16,"3":7,"4":6,"5":2,"6":0,"7":15},"b":{},"_coverageSchema":"1a1c01bbd47fc00a2c39e90264f33305004495a9","hash":"7a77113b75e488264d8899c89f941056847ce292"}
,"C:\\Users\\Inito\\Desktop\\inito\\server\\services\\authService.js": {"path":"C:\\Users\\Inito\\Desktop\\inito\\server\\services\\authService.js","statementMap":{"0":{"start":{"line":1,"column":15},"end":{"line":1,"column":58}},"1":{"start":{"line":2,"column":19},"end":{"line":2,"column":32}},"2":{"start":{"line":3,"column":15},"end":{"line":3,"column":32}},"3":{"start":{"line":5,"column":13},"end":{"line":5,"column":29}},"4":{"start":{"line":6,"column":13},"end":{"line":6,"column":29}},"5":{"start":{"line":7,"column":13},"end":{"line":7,"column":29}},"6":{"start":{"line":8,"column":17},"end":{"line":8,"column":37}},"7":{"start":{"line":9,"column":17},"end":{"line":9,"column":37}},"8":{"start":{"line":12,"column":15},"end":{"line":18,"column":2}},"9":{"start":{"line":20,"column":0},"end":{"line":20,"column":17}},"10":{"start":{"line":22,"column":12},"end":{"line":22,"column":35}},"11":{"start":{"line":24,"column":15},"end":{"line":24,"column":39}},"12":{"start":{"line":26,"column":23},"end":{"line":26,"column":51}},"13":{"start":{"line":28,"column":21},"end":{"line":41,"column":1}},"14":{"start":{"line":29,"column":13},"end":{"line":29,"column":33}},"15":{"start":{"line":31,"column":14},"end":{"line":34,"column":3}},"16":{"start":{"line":36,"column":2},"end":{"line":40,"column":3}},"17":{"start":{"line":37,"column":17},"end":{"line":37,"column":28}},"18":{"start":{"line":38,"column":4},"end":{"line":38,"column":29}},"19":{"start":{"line":39,"column":4},"end":{"line":39,"column":16}},"20":{"start":{"line":43,"column":25},"end":{"line":49,"column":1}},"21":{"start":{"line":44,"column":37},"end":{"line":44,"column":41}},"22":{"start":{"line":45,"column":16},"end":{"line":47,"column":4}},"23":{"start":{"line":48,"column":2},"end":{"line":48,"column":15}},"24":{"start":{"line":51,"column":0},"end":{"line":54,"column":2}}},"fnMap":{"0":{"name":"(anonymous_0)","decl":{"start":{"line":28,"column":21},"end":{"line":28,"column":22}},"loc":{"start":{"line":28,"column":51},"end":{"line":41,"column":1}},"line":28},"1":{"name":"(anonymous_1)","decl":{"start":{"line":43,"column":25},"end":{"line":43,"column":26}},"loc":{"start":{"line":43,"column":41},"end":{"line":49,"column":1}},"line":43}},"branchMap":{"0":{"loc":{"start":{"line":36,"column":2},"end":{"line":40,"column":3}},"type":"if","locations":[{"start":{"line":36,"column":2},"end":{"line":40,"column":3}},{"start":{},"end":{}}],"line":36},"1":{"loc":{"start":{"line":36,"column":6},"end":{"line":36,"column":74}},"type":"binary-expr","locations":[{"start":{"line":36,"column":6},"end":{"line":36,"column":17}},{"start":{"line":36,"column":21},"end":{"line":36,"column":74}}],"line":36}},"s":{"0":7,"1":7,"2":7,"3":7,"4":7,"5":7,"6":7,"7":7,"8":7,"9":7,"10":7,"11":7,"12":7,"13":7,"14":7,"15":7,"16":7,"17":5,"18":5,"19":5,"20":7,"21":5,"22":5,"23":5,"24":7},"f":{"0":7,"1":5},"b":{"0":[5,2],"1":[7,6]},"_coverageSchema":"1a1c01bbd47fc00a2c39e90264f33305004495a9","hash":"1e7d79d5233d7256684e89268bcf9694ac2776cb"}
,"C:\\Users\\Inito\\Desktop\\inito\\server\\services\\clientDetailsService.js": {"path":"C:\\Users\\Inito\\Desktop\\inito\\server\\services\\clientDetailsService.js","statementMap":{"0":{"start":{"line":1,"column":23},"end":{"line":1,"column":51}},"1":{"start":{"line":2,"column":15},"end":{"line":2,"column":60}},"2":{"start":{"line":4,"column":19},"end":{"line":4,"column":32}},"3":{"start":{"line":11,"column":4},"end":{"line":11,"column":35}},"4":{"start":{"line":13,"column":13},"end":{"line":13,"column":29}},"5":{"start":{"line":14,"column":13},"end":{"line":14,"column":29}},"6":{"start":{"line":15,"column":13},"end":{"line":15,"column":29}},"7":{"start":{"line":16,"column":17},"end":{"line":16,"column":37}},"8":{"start":{"line":17,"column":17},"end":{"line":17,"column":37}},"9":{"start":{"line":19,"column":15},"end":{"line":25,"column":2}},"10":{"start":{"line":27,"column":0},"end":{"line":27,"column":17}},"11":{"start":{"line":29,"column":22},"end":{"line":86,"column":1}},"12":{"start":{"line":30,"column":13},"end":{"line":30,"column":33}},"13":{"start":{"line":32,"column":2},"end":{"line":85,"column":7}},"14":{"start":{"line":33,"column":24},"end":{"line":33,"column":42}},"15":{"start":{"line":34,"column":31},"end":{"line":34,"column":56}},"16":{"start":{"line":35,"column":30},"end":{"line":35,"column":54}},"17":{"start":{"line":36,"column":31},"end":{"line":36,"column":56}},"18":{"start":{"line":37,"column":28},"end":{"line":37,"column":50}},"19":{"start":{"line":39,"column":24},"end":{"line":39,"column":26}},"20":{"start":{"line":40,"column":25},"end":{"line":40,"column":27}},"21":{"start":{"line":41,"column":22},"end":{"line":41,"column":24}},"22":{"start":{"line":43,"column":4},"end":{"line":49,"column":5}},"23":{"start":{"line":43,"column":17},"end":{"line":43,"column":18}},"24":{"start":{"line":44,"column":21},"end":{"line":47,"column":7}},"25":{"start":{"line":48,"column":6},"end":{"line":48,"column":33}},"26":{"start":{"line":50,"column":4},"end":{"line":56,"column":5}},"27":{"start":{"line":50,"column":17},"end":{"line":50,"column":18}},"28":{"start":{"line":51,"column":21},"end":{"line":54,"column":7}},"29":{"start":{"line":55,"column":6},"end":{"line":55,"column":34}},"30":{"start":{"line":57,"column":4},"end":{"line":63,"column":5}},"31":{"start":{"line":57,"column":17},"end":{"line":57,"column":18}},"32":{"start":{"line":58,"column":21},"end":{"line":61,"column":7}},"33":{"start":{"line":62,"column":6},"end":{"line":62,"column":31}},"34":{"start":{"line":67,"column":21},"end":{"line":82,"column":5}},"35":{"start":{"line":84,"column":4},"end":{"line":84,"column":51}},"36":{"start":{"line":84,"column":25},"end":{"line":84,"column":51}},"37":{"start":{"line":90,"column":0},"end":{"line":92,"column":2}}},"fnMap":{"0":{"name":"(anonymous_0)","decl":{"start":{"line":29,"column":22},"end":{"line":29,"column":23}},"loc":{"start":{"line":29,"column":75},"end":{"line":86,"column":1}},"line":29},"1":{"name":"(anonymous_1)","decl":{"start":{"line":32,"column":9},"end":{"line":32,"column":10}},"loc":{"start":{"line":32,"column":21},"end":{"line":85,"column":3}},"line":32}},"branchMap":{"0":{"loc":{"start":{"line":29,"column":43},"end":{"line":29,"column":70}},"type":"default-arg","locations":[{"start":{"line":29,"column":61},"end":{"line":29,"column":70}}],"line":29},"1":{"loc":{"start":{"line":73,"column":21},"end":{"line":75,"column":41}},"type":"cond-expr","locations":[{"start":{"line":74,"column":10},"end":{"line":74,"column":24}},{"start":{"line":75,"column":10},"end":{"line":75,"column":41}}],"line":73},"2":{"loc":{"start":{"line":76,"column":22},"end":{"line":78,"column":42}},"type":"cond-expr","locations":[{"start":{"line":77,"column":10},"end":{"line":77,"column":25}},{"start":{"line":78,"column":10},"end":{"line":78,"column":42}}],"line":76},"3":{"loc":{"start":{"line":79,"column":19},"end":{"line":81,"column":39}},"type":"cond-expr","locations":[{"start":{"line":80,"column":10},"end":{"line":80,"column":22}},{"start":{"line":81,"column":10},"end":{"line":81,"column":39}}],"line":79},"4":{"loc":{"start":{"line":84,"column":4},"end":{"line":84,"column":51}},"type":"if","locations":[{"start":{"line":84,"column":4},"end":{"line":84,"column":51}},{"start":{},"end":{}}],"line":84}},"s":{"0":7,"1":7,"2":7,"3":7,"4":7,"5":7,"6":7,"7":7,"8":7,"9":7,"10":7,"11":7,"12":0,"13":0,"14":0,"15":0,"16":0,"17":0,"18":0,"19":0,"20":0,"21":0,"22":0,"23":0,"24":0,"25":0,"26":0,"27":0,"28":0,"29":0,"30":0,"31":0,"32":0,"33":0,"34":0,"35":0,"36":0,"37":7},"f":{"0":0,"1":0},"b":{"0":[0],"1":[0,0],"2":[0,0],"3":[0,0],"4":[0,0]},"_coverageSchema":"1a1c01bbd47fc00a2c39e90264f33305004495a9","hash":"2a226ee1246c4accd01574a21d2def8544277981"}
,"C:\\Users\\Inito\\Desktop\\inito\\server\\services\\createService.js": {"path":"C:\\Users\\Inito\\Desktop\\inito\\server\\services\\createService.js","statementMap":{"0":{"start":{"line":1,"column":18},"end":{"line":1,"column":36}},"1":{"start":{"line":2,"column":15},"end":{"line":2,"column":32}},"2":{"start":{"line":3,"column":19},"end":{"line":3,"column":32}},"3":{"start":{"line":4,"column":15},"end":{"line":4,"column":32}},"4":{"start":{"line":6,"column":15},"end":{"line":6,"column":60}},"5":{"start":{"line":10,"column":13},"end":{"line":10,"column":29}},"6":{"start":{"line":11,"column":13},"end":{"line":11,"column":29}},"7":{"start":{"line":12,"column":13},"end":{"line":12,"column":29}},"8":{"start":{"line":13,"column":17},"end":{"line":13,"column":37}},"9":{"start":{"line":14,"column":17},"end":{"line":14,"column":37}},"10":{"start":{"line":16,"column":15},"end":{"line":22,"column":2}},"11":{"start":{"line":24,"column":0},"end":{"line":24,"column":17}},"12":{"start":{"line":34,"column":4},"end":{"line":34,"column":32}},"13":{"start":{"line":42,"column":4},"end":{"line":42,"column":35}},"14":{"start":{"line":52,"column":4},"end":{"line":52,"column":37}},"15":{"start":{"line":54,"column":25},"end":{"line":292,"column":1}},"16":{"start":{"line":64,"column":13},"end":{"line":64,"column":33}},"17":{"start":{"line":65,"column":24},"end":{"line":65,"column":34}},"18":{"start":{"line":67,"column":18},"end":{"line":67,"column":23}},"19":{"start":{"line":68,"column":2},"end":{"line":91,"column":7}},"20":{"start":{"line":69,"column":27},"end":{"line":69,"column":44}},"21":{"start":{"line":70,"column":4},"end":{"line":90,"column":5}},"22":{"start":{"line":71,"column":26},"end":{"line":71,"column":52}},"23":{"start":{"line":72,"column":18},"end":{"line":72,"column":44}},"24":{"start":{"line":73,"column":6},"end":{"line":83,"column":7}},"25":{"start":{"line":74,"column":8},"end":{"line":80,"column":9}},"26":{"start":{"line":75,"column":10},"end":{"line":79,"column":13}},"27":{"start":{"line":81,"column":8},"end":{"line":81,"column":25}},"28":{"start":{"line":82,"column":8},"end":{"line":82,"column":15}},"29":{"start":{"line":85,"column":6},"end":{"line":85,"column":23}},"30":{"start":{"line":86,"column":6},"end":{"line":88,"column":7}},"31":{"start":{"line":87,"column":8},"end":{"line":87,"column":54}},"32":{"start":{"line":89,"column":6},"end":{"line":89,"column":13}},"33":{"start":{"line":93,"column":2},"end":{"line":98,"column":3}},"34":{"start":{"line":94,"column":4},"end":{"line":97,"column":6}},"35":{"start":{"line":102,"column":2},"end":{"line":291,"column":3}},"36":{"start":{"line":103,"column":4},"end":{"line":107,"column":9}},"37":{"start":{"line":104,"column":6},"end":{"line":107,"column":9}},"38":{"start":{"line":109,"column":4},"end":{"line":290,"column":5}},"39":{"start":{"line":110,"column":6},"end":{"line":169,"column":7}},"40":{"start":{"line":111,"column":36},"end":{"line":111,"column":74}},"41":{"start":{"line":112,"column":37},"end":{"line":112,"column":75}},"42":{"start":{"line":114,"column":8},"end":{"line":118,"column":11}},"43":{"start":{"line":121,"column":10},"end":{"line":122,"column":48}},"44":{"start":{"line":123,"column":27},"end":{"line":125,"column":9}},"45":{"start":{"line":126,"column":27},"end":{"line":126,"column":76}},"46":{"start":{"line":127,"column":39},"end":{"line":127,"column":40}},"47":{"start":{"line":129,"column":8},"end":{"line":138,"column":11}},"48":{"start":{"line":140,"column":35},"end":{"line":140,"column":36}},"49":{"start":{"line":141,"column":8},"end":{"line":147,"column":11}},"50":{"start":{"line":149,"column":8},"end":{"line":153,"column":13}},"51":{"start":{"line":150,"column":10},"end":{"line":153,"column":13}},"52":{"start":{"line":155,"column":8},"end":{"line":168,"column":9}},"53":{"start":{"line":156,"column":10},"end":{"line":167,"column":13}},"54":{"start":{"line":170,"column":11},"end":{"line":290,"column":5}},"55":{"start":{"line":171,"column":6},"end":{"line":235,"column":7}},"56":{"start":{"line":172,"column":36},"end":{"line":172,"column":74}},"57":{"start":{"line":174,"column":8},"end":{"line":182,"column":13}},"58":{"start":{"line":175,"column":37},"end":{"line":175,"column":62}},"59":{"start":{"line":176,"column":10},"end":{"line":176,"column":60}},"60":{"start":{"line":177,"column":10},"end":{"line":181,"column":13}},"61":{"start":{"line":185,"column":10},"end":{"line":186,"column":48}},"62":{"start":{"line":187,"column":25},"end":{"line":189,"column":9}},"63":{"start":{"line":190,"column":27},"end":{"line":190,"column":76}},"64":{"start":{"line":191,"column":8},"end":{"line":200,"column":11}},"65":{"start":{"line":202,"column":8},"end":{"line":211,"column":9}},"66":{"start":{"line":203,"column":10},"end":{"line":210,"column":13}},"67":{"start":{"line":213,"column":8},"end":{"line":220,"column":10}},"68":{"start":{"line":222,"column":8},"end":{"line":231,"column":9}},"69":{"start":{"line":223,"column":10},"end":{"line":230,"column":13}},"70":{"start":{"line":232,"column":8},"end":{"line":234,"column":9}},"71":{"start":{"line":236,"column":11},"end":{"line":290,"column":5}},"72":{"start":{"line":237,"column":6},"end":{"line":289,"column":7}},"73":{"start":{"line":238,"column":37},"end":{"line":238,"column":75}},"74":{"start":{"line":239,"column":8},"end":{"line":247,"column":13}},"75":{"start":{"line":240,"column":37},"end":{"line":240,"column":62}},"76":{"start":{"line":241,"column":10},"end":{"line":241,"column":59}},"77":{"start":{"line":242,"column":10},"end":{"line":246,"column":13}},"78":{"start":{"line":249,"column":35},"end":{"line":249,"column":36}},"79":{"start":{"line":250,"column":8},"end":{"line":256,"column":11}},"80":{"start":{"line":257,"column":8},"end":{"line":262,"column":13}},"81":{"start":{"line":258,"column":10},"end":{"line":262,"column":13}},"82":{"start":{"line":264,"column":8},"end":{"line":268,"column":10}},"83":{"start":{"line":270,"column":8},"end":{"line":279,"column":9}},"84":{"start":{"line":271,"column":10},"end":{"line":278,"column":13}},"85":{"start":{"line":281,"column":8},"end":{"line":288,"column":10}},"86":{"start":{"line":294,"column":15},"end":{"line":363,"column":1}},"87":{"start":{"line":298,"column":13},"end":{"line":298,"column":33}},"88":{"start":{"line":299,"column":2},"end":{"line":311,"column":3}},"89":{"start":{"line":300,"column":4},"end":{"line":310,"column":9}},"90":{"start":{"line":301,"column":26},"end":{"line":301,"column":44}},"91":{"start":{"line":302,"column":6},"end":{"line":309,"column":7}},"92":{"start":{"line":303,"column":8},"end":{"line":308,"column":9}},"93":{"start":{"line":304,"column":10},"end":{"line":307,"column":13}},"94":{"start":{"line":313,"column":2},"end":{"line":362,"column":3}},"95":{"start":{"line":318,"column":27},"end":{"line":318,"column":58}},"96":{"start":{"line":320,"column":4},"end":{"line":328,"column":7}},"97":{"start":{"line":330,"column":4},"end":{"line":336,"column":7}},"98":{"start":{"line":338,"column":4},"end":{"line":343,"column":5}},"99":{"start":{"line":339,"column":6},"end":{"line":342,"column":9}},"100":{"start":{"line":344,"column":4},"end":{"line":347,"column":6}},"101":{"start":{"line":349,"column":4},"end":{"line":355,"column":9}},"102":{"start":{"line":350,"column":6},"end":{"line":355,"column":9}},"103":{"start":{"line":356,"column":4},"end":{"line":361,"column":6}},"104":{"start":{"line":365,"column":26},"end":{"line":446,"column":1}},"105":{"start":{"line":369,"column":28},"end":{"line":369,"column":66}},"106":{"start":{"line":370,"column":13},"end":{"line":370,"column":33}},"107":{"start":{"line":372,"column":2},"end":{"line":445,"column":7}},"108":{"start":{"line":373,"column":27},"end":{"line":373,"column":44}},"109":{"start":{"line":374,"column":4},"end":{"line":384,"column":5}},"110":{"start":{"line":375,"column":26},"end":{"line":375,"column":52}},"111":{"start":{"line":376,"column":18},"end":{"line":376,"column":44}},"112":{"start":{"line":377,"column":6},"end":{"line":383,"column":7}},"113":{"start":{"line":378,"column":8},"end":{"line":381,"column":12}},"114":{"start":{"line":379,"column":10},"end":{"line":381,"column":12}},"115":{"start":{"line":382,"column":8},"end":{"line":382,"column":15}},"116":{"start":{"line":386,"column":26},"end":{"line":386,"column":50}},"117":{"start":{"line":387,"column":27},"end":{"line":387,"column":52}},"118":{"start":{"line":389,"column":4},"end":{"line":420,"column":5}},"119":{"start":{"line":390,"column":31},"end":{"line":390,"column":32}},"120":{"start":{"line":391,"column":32},"end":{"line":391,"column":33}},"121":{"start":{"line":392,"column":6},"end":{"line":394,"column":7}},"122":{"start":{"line":392,"column":19},"end":{"line":392,"column":20}},"123":{"start":{"line":393,"column":8},"end":{"line":393,"column":72}},"124":{"start":{"line":395,"column":6},"end":{"line":397,"column":7}},"125":{"start":{"line":395,"column":19},"end":{"line":395,"column":20}},"126":{"start":{"line":396,"column":8},"end":{"line":396,"column":74}},"127":{"start":{"line":400,"column":8},"end":{"line":400,"column":72}},"128":{"start":{"line":401,"column":32},"end":{"line":401,"column":62}},"129":{"start":{"line":402,"column":6},"end":{"line":410,"column":7}},"130":{"start":{"line":403,"column":8},"end":{"line":409,"column":9}},"131":{"start":{"line":404,"column":10},"end":{"line":407,"column":13}},"132":{"start":{"line":408,"column":10},"end":{"line":408,"column":17}},"133":{"start":{"line":412,"column":6},"end":{"line":419,"column":7}},"134":{"start":{"line":413,"column":8},"end":{"line":417,"column":11}},"135":{"start":{"line":418,"column":8},"end":{"line":418,"column":15}},"136":{"start":{"line":422,"column":22},"end":{"line":422,"column":32}},"137":{"start":{"line":423,"column":24},"end":{"line":423,"column":57}},"138":{"start":{"line":425,"column":4},"end":{"line":444,"column":5}},"139":{"start":{"line":426,"column":6},"end":{"line":434,"column":9}},"140":{"start":{"line":435,"column":6},"end":{"line":435,"column":34}},"141":{"start":{"line":436,"column":6},"end":{"line":441,"column":7}},"142":{"start":{"line":437,"column":8},"end":{"line":440,"column":11}},"143":{"start":{"line":443,"column":6},"end":{"line":443,"column":25}},"144":{"start":{"line":448,"column":0},"end":{"line":452,"column":2}}},"fnMap":{"0":{"name":"(anonymous_0)","decl":{"start":{"line":54,"column":25},"end":{"line":54,"column":26}},"loc":{"start":{"line":63,"column":5},"end":{"line":292,"column":1}},"line":63},"1":{"name":"(anonymous_1)","decl":{"start":{"line":68,"column":9},"end":{"line":68,"column":10}},"loc":{"start":{"line":68,"column":21},"end":{"line":91,"column":3}},"line":68},"2":{"name":"(anonymous_2)","decl":{"start":{"line":174,"column":15},"end":{"line":174,"column":16}},"loc":{"start":{"line":174,"column":27},"end":{"line":182,"column":9}},"line":174},"3":{"name":"(anonymous_3)","decl":{"start":{"line":239,"column":15},"end":{"line":239,"column":16}},"loc":{"start":{"line":239,"column":27},"end":{"line":247,"column":9}},"line":239},"4":{"name":"(anonymous_4)","decl":{"start":{"line":294,"column":15},"end":{"line":294,"column":16}},"loc":{"start":{"line":297,"column":5},"end":{"line":363,"column":1}},"line":297},"5":{"name":"(anonymous_5)","decl":{"start":{"line":300,"column":11},"end":{"line":300,"column":12}},"loc":{"start":{"line":300,"column":23},"end":{"line":310,"column":5}},"line":300},"6":{"name":"(anonymous_6)","decl":{"start":{"line":365,"column":26},"end":{"line":365,"column":27}},"loc":{"start":{"line":368,"column":5},"end":{"line":446,"column":1}},"line":368},"7":{"name":"(anonymous_7)","decl":{"start":{"line":372,"column":9},"end":{"line":372,"column":10}},"loc":{"start":{"line":372,"column":21},"end":{"line":445,"column":3}},"line":372}},"branchMap":{"0":{"loc":{"start":{"line":57,"column":4},"end":{"line":57,"column":20}},"type":"default-arg","locations":[{"start":{"line":57,"column":15},"end":{"line":57,"column":20}}],"line":57},"1":{"loc":{"start":{"line":58,"column":4},"end":{"line":58,"column":21}},"type":"default-arg","locations":[{"start":{"line":58,"column":16},"end":{"line":58,"column":21}}],"line":58},"2":{"loc":{"start":{"line":62,"column":2},"end":{"line":62,"column":22}},"type":"default-arg","locations":[{"start":{"line":62,"column":13},"end":{"line":62,"column":22}}],"line":62},"3":{"loc":{"start":{"line":70,"column":4},"end":{"line":90,"column":5}},"type":"if","locations":[{"start":{"line":70,"column":4},"end":{"line":90,"column":5}},{"start":{"line":84,"column":11},"end":{"line":90,"column":5}}],"line":70},"4":{"loc":{"start":{"line":73,"column":6},"end":{"line":83,"column":7}},"type":"if","locations":[{"start":{"line":73,"column":6},"end":{"line":83,"column":7}},{"start":{},"end":{}}],"line":73},"5":{"loc":{"start":{"line":73,"column":10},"end":{"line":73,"column":31}},"type":"binary-expr","locations":[{"start":{"line":73,"column":10},"end":{"line":73,"column":18}},{"start":{"line":73,"column":22},"end":{"line":73,"column":31}}],"line":73},"6":{"loc":{"start":{"line":74,"column":8},"end":{"line":80,"column":9}},"type":"if","locations":[{"start":{"line":74,"column":8},"end":{"line":80,"column":9}},{"start":{},"end":{}}],"line":74},"7":{"loc":{"start":{"line":86,"column":6},"end":{"line":88,"column":7}},"type":"if","locations":[{"start":{"line":86,"column":6},"end":{"line":88,"column":7}},{"start":{},"end":{}}],"line":86},"8":{"loc":{"start":{"line":93,"column":2},"end":{"line":98,"column":3}},"type":"if","locations":[{"start":{"line":93,"column":2},"end":{"line":98,"column":3}},{"start":{},"end":{}}],"line":93},"9":{"loc":{"start":{"line":102,"column":2},"end":{"line":291,"column":3}},"type":"if","locations":[{"start":{"line":102,"column":2},"end":{"line":291,"column":3}},{"start":{"line":108,"column":9},"end":{"line":291,"column":3}}],"line":102},"10":{"loc":{"start":{"line":102,"column":6},"end":{"line":102,"column":29}},"type":"binary-expr","locations":[{"start":{"line":102,"column":6},"end":{"line":102,"column":15}},{"start":{"line":102,"column":19},"end":{"line":102,"column":29}}],"line":102},"11":{"loc":{"start":{"line":103,"column":4},"end":{"line":107,"column":9}},"type":"if","locations":[{"start":{"line":103,"column":4},"end":{"line":107,"column":9}},{"start":{},"end":{}}],"line":103},"12":{"loc":{"start":{"line":109,"column":4},"end":{"line":290,"column":5}},"type":"if","locations":[{"start":{"line":109,"column":4},"end":{"line":290,"column":5}},{"start":{"line":170,"column":11},"end":{"line":290,"column":5}}],"line":109},"13":{"loc":{"start":{"line":109,"column":8},"end":{"line":109,"column":29}},"type":"binary-expr","locations":[{"start":{"line":109,"column":8},"end":{"line":109,"column":16}},{"start":{"line":109,"column":20},"end":{"line":109,"column":29}}],"line":109},"14":{"loc":{"start":{"line":110,"column":6},"end":{"line":169,"column":7}},"type":"if","locations":[{"start":{"line":110,"column":6},"end":{"line":169,"column":7}},{"start":{"line":154,"column":13},"end":{"line":169,"column":7}}],"line":110},"15":{"loc":{"start":{"line":110,"column":10},"end":{"line":110,"column":60}},"type":"binary-expr","locations":[{"start":{"line":110,"column":10},"end":{"line":110,"column":32}},{"start":{"line":110,"column":36},"end":{"line":110,"column":60}}],"line":110},"16":{"loc":{"start":{"line":149,"column":8},"end":{"line":153,"column":13}},"type":"if","locations":[{"start":{"line":149,"column":8},"end":{"line":153,"column":13}},{"start":{},"end":{}}],"line":149},"17":{"loc":{"start":{"line":155,"column":8},"end":{"line":168,"column":9}},"type":"if","locations":[{"start":{"line":155,"column":8},"end":{"line":168,"column":9}},{"start":{},"end":{}}],"line":155},"18":{"loc":{"start":{"line":159,"column":14},"end":{"line":161,"column":20}},"type":"cond-expr","locations":[{"start":{"line":160,"column":18},"end":{"line":160,"column":65}},{"start":{"line":161,"column":18},"end":{"line":161,"column":20}}],"line":159},"19":{"loc":{"start":{"line":163,"column":14},"end":{"line":165,"column":20}},"type":"cond-expr","locations":[{"start":{"line":164,"column":18},"end":{"line":164,"column":67}},{"start":{"line":165,"column":18},"end":{"line":165,"column":20}}],"line":163},"20":{"loc":{"start":{"line":170,"column":11},"end":{"line":290,"column":5}},"type":"if","locations":[{"start":{"line":170,"column":11},"end":{"line":290,"column":5}},{"start":{"line":236,"column":11},"end":{"line":290,"column":5}}],"line":170},"21":{"loc":{"start":{"line":171,"column":6},"end":{"line":235,"column":7}},"type":"if","locations":[{"start":{"line":171,"column":6},"end":{"line":235,"column":7}},{"start":{"line":221,"column":13},"end":{"line":235,"column":7}}],"line":171},"22":{"loc":{"start":{"line":171,"column":10},"end":{"line":171,"column":44}},"type":"binary-expr","locations":[{"start":{"line":171,"column":10},"end":{"line":171,"column":18}},{"start":{"line":171,"column":22},"end":{"line":171,"column":44}}],"line":171},"23":{"loc":{"start":{"line":202,"column":8},"end":{"line":211,"column":9}},"type":"if","locations":[{"start":{"line":202,"column":8},"end":{"line":211,"column":9}},{"start":{},"end":{}}],"line":202},"24":{"loc":{"start":{"line":222,"column":8},"end":{"line":231,"column":9}},"type":"if","locations":[{"start":{"line":222,"column":8},"end":{"line":231,"column":9}},{"start":{},"end":{}}],"line":222},"25":{"loc":{"start":{"line":226,"column":14},"end":{"line":228,"column":20}},"type":"cond-expr","locations":[{"start":{"line":227,"column":18},"end":{"line":227,"column":65}},{"start":{"line":228,"column":18},"end":{"line":228,"column":20}}],"line":226},"26":{"loc":{"start":{"line":236,"column":11},"end":{"line":290,"column":5}},"type":"if","locations":[{"start":{"line":236,"column":11},"end":{"line":290,"column":5}},{"start":{},"end":{}}],"line":236},"27":{"loc":{"start":{"line":237,"column":6},"end":{"line":289,"column":7}},"type":"if","locations":[{"start":{"line":237,"column":6},"end":{"line":289,"column":7}},{"start":{"line":269,"column":13},"end":{"line":289,"column":7}}],"line":237},"28":{"loc":{"start":{"line":237,"column":10},"end":{"line":237,"column":47}},"type":"binary-expr","locations":[{"start":{"line":237,"column":10},"end":{"line":237,"column":19}},{"start":{"line":237,"column":23},"end":{"line":237,"column":47}}],"line":237},"29":{"loc":{"start":{"line":257,"column":8},"end":{"line":262,"column":13}},"type":"if","locations":[{"start":{"line":257,"column":8},"end":{"line":262,"column":13}},{"start":{},"end":{}}],"line":257},"30":{"loc":{"start":{"line":270,"column":8},"end":{"line":279,"column":9}},"type":"if","locations":[{"start":{"line":270,"column":8},"end":{"line":279,"column":9}},{"start":{},"end":{}}],"line":270},"31":{"loc":{"start":{"line":274,"column":14},"end":{"line":276,"column":20}},"type":"cond-expr","locations":[{"start":{"line":275,"column":18},"end":{"line":275,"column":67}},{"start":{"line":276,"column":18},"end":{"line":276,"column":20}}],"line":274},"32":{"loc":{"start":{"line":284,"column":12},"end":{"line":286,"column":18}},"type":"cond-expr","locations":[{"start":{"line":285,"column":16},"end":{"line":285,"column":65}},{"start":{"line":286,"column":16},"end":{"line":286,"column":18}}],"line":284},"33":{"loc":{"start":{"line":296,"column":2},"end":{"line":296,"column":22}},"type":"default-arg","locations":[{"start":{"line":296,"column":13},"end":{"line":296,"column":22}}],"line":296},"34":{"loc":{"start":{"line":299,"column":2},"end":{"line":311,"column":3}},"type":"if","locations":[{"start":{"line":299,"column":2},"end":{"line":311,"column":3}},{"start":{},"end":{}}],"line":299},"35":{"loc":{"start":{"line":302,"column":6},"end":{"line":309,"column":7}},"type":"if","locations":[{"start":{"line":302,"column":6},"end":{"line":309,"column":7}},{"start":{},"end":{}}],"line":302},"36":{"loc":{"start":{"line":303,"column":8},"end":{"line":308,"column":9}},"type":"if","locations":[{"start":{"line":303,"column":8},"end":{"line":308,"column":9}},{"start":{},"end":{}}],"line":303},"37":{"loc":{"start":{"line":313,"column":2},"end":{"line":362,"column":3}},"type":"if","locations":[{"start":{"line":313,"column":2},"end":{"line":362,"column":3}},{"start":{"line":348,"column":9},"end":{"line":362,"column":3}}],"line":313},"38":{"loc":{"start":{"line":314,"column":4},"end":{"line":316,"column":36}},"type":"binary-expr","locations":[{"start":{"line":314,"column":4},"end":{"line":314,"column":24}},{"start":{"line":315,"column":4},"end":{"line":315,"column":30}},{"start":{"line":316,"column":4},"end":{"line":316,"column":36}}],"line":314},"39":{"loc":{"start":{"line":338,"column":4},"end":{"line":343,"column":5}},"type":"if","locations":[{"start":{"line":338,"column":4},"end":{"line":343,"column":5}},{"start":{},"end":{}}],"line":338},"40":{"loc":{"start":{"line":349,"column":4},"end":{"line":355,"column":9}},"type":"if","locations":[{"start":{"line":349,"column":4},"end":{"line":355,"column":9}},{"start":{},"end":{}}],"line":349},"41":{"loc":{"start":{"line":352,"column":38},"end":{"line":352,"column":75}},"type":"cond-expr","locations":[{"start":{"line":352,"column":61},"end":{"line":352,"column":63}},{"start":{"line":352,"column":66},"end":{"line":352,"column":75}}],"line":352},"42":{"loc":{"start":{"line":353,"column":10},"end":{"line":353,"column":56}},"type":"cond-expr","locations":[{"start":{"line":353,"column":39},"end":{"line":353,"column":41}},{"start":{
[...]
{"start":{"line":458,"column":6},"end":{"line":460,"column":7}},{"start":{},"end":{}}],"line":458},"46":{"loc":{"start":{"line":461,"column":6},"end":{"line":465,"column":7}},"type":"if","locations":[{"start":{"line":461,"column":6},"end":{"line":465,"column":7}},{"start":{},"end":{}}],"line":461},"47":{"loc":{"start":{"line":468,"column":9},"end":{"line":527,"column":3}},"type":"if","locations":[{"start":{"line":468,"column":9},"end":{"line":527,"column":3}},{"start":{},"end":{}}],"line":468},"48":{"loc":{"start":{"line":474,"column":8},"end":{"line":478,"column":9}},"type":"if","locations":[{"start":{"line":474,"column":8},"end":{"line":478,"column":9}},{"start":{},"end":{}}],"line":474},"49":{"loc":{"start":{"line":479,"column":8},"end":{"line":488,"column":9}},"type":"if","locations":[{"start":{"line":479,"column":8},"end":{"line":488,"column":9}},{"start":{},"end":{}}],"line":479},"50":{"loc":{"start":{"line":479,"column":12},"end":{"line":479,"column":64}},"type":"binary-expr","locations":[{"start":{"line":479,"column":12},"end":{"line":479,"column":48}},{"start":{"line":479,"column":52},"end":{"line":479,"column":64}}],"line":479},"51":{"loc":{"start":{"line":480,"column":10},"end":{"line":487,"column":11}},"type":"if","locations":[{"start":{"line":480,"column":10},"end":{"line":487,"column":11}},{"start":{},"end":{}}],"line":480},"52":{"loc":{"start":{"line":493,"column":6},"end":{"line":525,"column":7}},"type":"if","locations":[{"start":{"line":493,"column":6},"end":{"line":525,"column":7}},{"start":{"line":501,"column":13},"end":{"line":525,"column":7}}],"line":493},"53":{"loc":{"start":{"line":494,"column":8},"end":{"line":500,"column":9}},"type":"if","locations":[{"start":{"line":494,"column":8},"end":{"line":500,"column":9}},{"start":{},"end":{}}],"line":494},"54":{"loc":{"start":{"line":522,"column":8},"end":{"line":524,"column":9}},"type":"if","locations":[{"start":{"line":522,"column":8},"end":{"line":524,"column":9}},{"start":{},"end":{}}],"line":522}},"s":{"0":7,"1":7,"2":7,"3":7,"4":7,"5":7,"6":7,"7":7,"8":7,"9":7,"10":7,"11":7,"12":7,"13":7,"14":17,"15":17,"16":15,"17":15,"18":15,"19":15,"20":15,"21":15,"22":15,"23":3,"24":2,"25":2,"26":3,"27":12,"28":12,"29":12,"30":12,"31":12,"32":12,"33":12,"34":12,"35":0,"36":0,"37":0,"38":0,"39":12,"40":0,"41":0,"42":0,"43":12,"44":11,"45":11,"46":11,"47":11,"48":0,"49":0,"50":0,"51":0,"52":11,"53":11,"54":11,"55":1,"56":1,"57":1,"58":1,"59":1,"60":1,"61":1,"62":1,"63":1,"64":1,"65":1,"66":1,"67":0,"68":1,"69":10,"70":10,"71":10,"72":10,"73":10,"74":10,"75":10,"76":10,"77":10,"78":5,"79":10,"80":1,"81":1,"82":1,"83":1,"84":1,"85":1,"86":1,"87":1,"88":1,"89":0,"90":1,"91":2,"92":2,"93":2,"94":2,"95":2,"96":2,"97":2,"98":2,"99":2,"100":2,"101":0,"102":0,"103":0,"104":0,"105":2,"106":2,"107":2,"108":2,"109":1,"110":0,"111":0,"112":1,"113":2,"114":2,"115":2,"116":2,"117":2,"118":2,"119":2,"120":2,"121":2,"122":2,"123":2,"124":0,"125":0,"126":2,"127":1,"128":2,"129":0,"130":0,"131":7,"132":5,"133":5,"134":1,"135":1,"136":1,"137":1,"138":1,"139":1,"140":1,"141":1,"142":1,"143":0,"144":0,"145":0,"146":0,"147":1,"148":1,"149":1,"150":1,"151":1,"152":1,"153":1,"154":1,"155":1,"156":1,"157":4,"158":2,"159":2,"160":2,"161":2,"162":2,"163":2,"164":2,"165":2,"166":2,"167":0,"168":0,"169":0,"170":0,"171":2,"172":2,"173":2,"174":2,"175":2,"176":2,"177":2,"178":2,"179":2,"180":2,"181":2,"182":2,"183":2,"184":2,"185":1,"186":2,"187":2,"188":2,"189":2,"190":2,"191":2,"192":2,"193":2,"194":2,"195":2,"196":2,"197":2,"198":2,"199":0,"200":0,"201":0,"202":0,"203":2,"204":1,"205":1,"206":1,"207":1,"208":1,"209":1,"210":1,"211":1,"212":1,"213":1,"214":1,"215":1,"216":7},"f":{"0":17,"1":15,"2":2,"3":5,"4":1,"5":2,"6":2},"b":{"0":[5],"1":[10],"2":[15,2],"3":[3,12],"4":[2,1],"5":[12,0],"6":[0,0],"7":[0,0],"8":[0,0],"9":[0,12],"10":[0,0],"11":[11,1],"12":[11,0],"13":[0,11],"14":[11,11,11],"15":[0,0],"16":[1,10],"17":[11,1],"18":[0,1],"19":[10,0],"20":[10,10],"21":[5,5],"22":[0,1],"23":[2,0],"24":[2,0],"25":[0,0],"26":[0,0],"27":[0,0],"28":[1,1],"29":[0,1],"30":[0,2],"31":[1,1],"32":[0,0],"33":[1],"34":[1,4],"35":[1,0],"36":[0,0],"37":[0,0],"38":[0,0],"39":[1,0],"40":[2,2],"41":[2,0],"42":[0,0],"43":[0,0],"44":[0,0],"45":[1,1],"46":[2,0],"47":[2,0],"48":[2,0],"49":[0,0],"50":[0,0],"51":[0,0],"52":[1,1],"53":[1,0],"54":[1,0]},"_coverageSchema":"1a1c01bbd47fc00a2c39e90264f33305004495a9","hash":"9cef2ffc2fb9c10f5ffc2995065b80374e9ecc74"}
,"C:\\Users\\Inito\\Desktop\\inito\\server\\services\\transeferService.js": {"path":"C:\\Users\\Inito\\Desktop\\inito\\server\\services\\transeferService.js","statementMap":{"0":{"start":{"line":1,"column":15},"end":{"line":1,"column":60}},"1":{"start":{"line":3,"column":19},"end":{"line":3,"column":32}},"2":{"start":{"line":4,"column":13},"end":{"line":4,"column":29}},"3":{"start":{"line":5,"column":13},"end":{"line":5,"column":29}},"4":{"start":{"line":6,"column":13},"end":{"line":6,"column":29}},"5":{"start":{"line":7,"column":17},"end":{"line":7,"column":37}},"6":{"start":{"line":8,"column":17},"end":{"line":8,"column":37}},"7":{"start":{"line":10,"column":15},"end":{"line":16,"column":2}},"8":{"start":{"line":18,"column":0},"end":{"line":18,"column":17}},"9":{"start":{"line":20,"column":35},"end":{"line":20,"column":50}},"10":{"start":{"line":24,"column":4},"end":{"line":24,"column":42}},"11":{"start":{"line":26,"column":28},"end":{"line":26,"column":59}},"12":{"start":{"line":27,"column":23},"end":{"line":27,"column":51}},"13":{"start":{"line":29,"column":17},"end":{"line":156,"column":1}},"14":{"start":{"line":39,"column":2},"end":{"line":154,"column":7}},"15":{"start":{"line":41,"column":21},"end":{"line":41,"column":41}},"16":{"start":{"line":42,"column":22},"end":{"line":42,"column":49}},"17":{"start":{"line":43,"column":33},"end":{"line":43,"column":64}},"18":{"start":{"line":44,"column":34},"end":{"line":44,"column":66}},"19":{"start":{"line":45,"column":24},"end":{"line":45,"column":25}},"20":{"start":{"line":46,"column":25},"end":{"line":46,"column":26}},"21":{"start":{"line":50,"column":4},"end":{"line":66,"column":5}},"22":{"start":{"line":50,"column":17},"end":{"line":50,"column":18}},"23":{"start":{"line":51,"column":6},"end":{"line":55,"column":7}},"24":{"start":{"line":52,"column":8},"end":{"line":52,"column":73}},"25":{"start":{"line":53,"column":8},"end":{"line":53,"column":30}},"26":{"start":{"line":54,"column":8},"end":{"line":54,"column":14}},"27":{"start":{"line":56,"column":6},"end":{"line":65,"column":7}},"28":{"start":{"line":57,"column":8},"end":{"line":64,"column":9}},"29":{"start":{"line":58,"column":10},"end":{"line":62,"column":13}},"30":{"start":{"line":63,"column":10},"end":{"line":63,"column":17}},"31":{"start":{"line":68,"column":4},"end":{"line":84,"column":5}},"32":{"start":{"line":68,"column":17},"end":{"line":68,"column":18}},"33":{"start":{"line":69,"column":6},"end":{"line":73,"column":7}},"34":{"start":{"line":70,"column":8},"end":{"line":70,"column":75}},"35":{"start":{"line":71,"column":8},"end":{"line":71,"column":31}},"36":{"start":{"line":72,"column":8},"end":{"line":72,"column":14}},"37":{"start":{"line":74,"column":6},"end":{"line":83,"column":7}},"38":{"start":{"line":75,"column":8},"end":{"line":82,"column":9}},"39":{"start":{"line":76,"column":10},"end":{"line":80,"column":13}},"40":{"start":{"line":81,"column":10},"end":{"line":81,"column":17}},"41":{"start":{"line":89,"column":6},"end":{"line":89,"column":80}},"42":{"start":{"line":91,"column":6},"end":{"line":91,"column":41}},"43":{"start":{"line":92,"column":29},"end":{"line":92,"column":63}},"44":{"start":{"line":94,"column":4},"end":{"line":101,"column":5}},"45":{"start":{"line":95,"column":6},"end":{"line":100,"column":7}},"46":{"start":{"line":96,"column":8},"end":{"line":98,"column":10}},"47":{"start":{"line":99,"column":8},"end":{"line":99,"column":15}},"48":{"start":{"line":103,"column":27},"end":{"line":103,"column":55}},"49":{"start":{"line":104,"column":20},"end":{"line":104,"column":30}},"50":{"start":{"line":105,"column":24},"end":{"line":105,"column":32}},"51":{"start":{"line":106,"column":27},"end":{"line":106,"column":37}},"52":{"start":{"line":108,"column":4},"end":{"line":113,"column":7}},"53":{"start":{"line":115,"column":4},"end":{"line":122,"column":7}},"54":{"start":{"line":128,"column":6},"end":{"line":128,"column":65}},"55":{"start":{"line":129,"column":30},"end":{"line":129,"column":65}},"56":{"start":{"line":131,"column":4},"end":{"line":136,"column":7}},"57":{"start":{"line":138,"column":4},"end":{"line":138,"column":48}},"58":{"start":{"line":139,"column":4},"end":{"line":139,"column":27}},"59":{"start":{"line":140,"column":4},"end":{"line":140,"column":29}},"60":{"start":{"line":142,"column":4},"end":{"line":149,"column":7}},"61":{"start":{"line":151,"column":4},"end":{"line":153,"column":5}},"62":{"start":{"line":152,"column":6},"end":{"line":152,"column":77}},"63":{"start":{"line":158,"column":0},"end":{"line":160,"column":2}}},"fnMap":{"0":{"name":"(anonymous_0)","decl":{"start":{"line":29,"column":17},"end":{"line":29,"column":18}},"loc":{"start":{"line":38,"column":5},"end":{"line":156,"column":1}},"line":38},"1":{"name":"(anonymous_1)","decl":{"start":{"line":39,"column":9},"end":{"line":39,"column":10}},"loc":{"start":{"line":39,"column":21},"end":{"line":154,"column":3}},"line":39}},"branchMap":{"0":{"loc":{"start":{"line":37,"column":2},"end":{"line":37,"column":24}},"type":"default-arg","locations":[{"start":{"line":37,"column":15},"end":{"line":37,"column":24}}],"line":37},"1":{"loc":{"start":{"line":51,"column":6},"end":{"line":55,"column":7}},"type":"if","locations":[{"start":{"line":51,"column":6},"end":{"line":55,"column":7}},{"start":{},"end":{}}],"line":51},"2":{"loc":{"start":{"line":56,"column":6},"end":{"line":65,"column":7}},"type":"if","locations":[{"start":{"line":56,"column":6},"end":{"line":65,"column":7}},{"start":{},"end":{}}],"line":56},"3":{"loc":{"start":{"line":56,"column":10},"end":{"line":56,"column":67}},"type":"binary-expr","locations":[{"start":{"line":56,"column":10},"end":{"line":56,"column":51}},{"start":{"line":56,"column":55},"end":{"line":56,"column":67}}],"line":56},"4":{"loc":{"start":{"line":57,"column":8},"end":{"line":64,"column":9}},"type":"if","locations":[{"start":{"line":57,"column":8},"end":{"line":64,"column":9}},{"start":{},"end":{}}],"line":57},"5":{"loc":{"start":{"line":69,"column":6},"end":{"line":73,"column":7}},"type":"if","locations":[{"start":{"line":69,"column":6},"end":{"line":73,"column":7}},{"start":{},"end":{}}],"line":69},"6":{"loc":{"start":{"line":74,"column":6},"end":{"line":83,"column":7}},"type":"if","locations":[{"start":{"line":74,"column":6},"end":{"line":83,"column":7}},{"start":{},"end":{}}],"line":74},"7":{"loc":{"start":{"line":74,"column":10},"end":{"line":74,"column":68}},"type":"binary-expr","locations":[{"start":{"line":74,"column":10},"end":{"line":74,"column":52}},{"start":{"line":74,"column":56},"end":{"line":74,"column":68}}],"line":74},"8":{"loc":{"start":{"line":75,"column":8},"end":{"line":82,"column":9}},"type":"if","locations":[{"start":{"line":75,"column":8},"end":{"line":82,"column":9}},{"start":{},"end":{}}],"line":75},"9":{"loc":{"start":{"line":94,"column":4},"end":{"line":101,"column":5}},"type":"if","locations":[{"start":{"line":94,"column":4},"end":{"line":101,"column":5}},{"start":{},"end":{}}],"line":94},"10":{"loc":{"start":{"line":95,"column":6},"end":{"line":100,"column":7}},"type":"if","locations":[{"start":{"line":95,"column":6},"end":{"line":100,"column":7}},{"start":{},"end":{}}],"line":95},"11":{"loc":{"start":{"line":151,"column":4},"end":{"line":153,"column":5}},"type":"if","locations":[{"start":{"line":151,"column":4},"end":{"line":153,"column":5}},{"start":{},"end":{}}],"line":151}},"s":{"0":7,"1":7,"2":7,"3":7,"4":7,"5":7,"6":7,"7":7,"8":7,"9":7,"10":7,"11":7,"12":7,"13":7,"14":0,"15":0,"16":0,"17":0,"18":0,"19":0,"20":0,"21":0,"22":0,"23":0,"24":0,"25":0,"26":0,"27":0,"28":0,"29":0,"30":0,"31":0,"32":0,"33":0,"34":0,"35":0,"36":0,"37":0,"38":0,"39":0,"40":0,"41":0,"42":0,"43":0,"44":0,"45":0,"46":0,"47":0,"48":0,"49":0,"50":0,"51":0,"52":0,"53":0,"54":0,"55":0,"56":0,"57":0,"58":0,"59":0,"60":0,"61":0,"62":0,"63":7},"f":{"0":0,"1":0},"b":{"0":[0],"1":[0,0],"2":[0,0],"3":[0,0],"4":[0,0],"5":[0,0],"6":[0,0],"7":[0,0],"8":[0,0],"9":[0,0],"10":[0,0],"11":[0,0]},"_coverageSchema":"1a1c01bbd47fc00a2c39e90264f33305004495a9","hash":"aeed286c2d7ddd711d384dfd2bf7da6a7f5486b1"}
,"C:\\Users\\Inito\\Desktop\\inito\\server\\utilities\\libs.js": {"path":"C:\\Users\\Inito\\Desktop\\inito\\server\\utilities\\libs.js","statementMap":{"0":{"start":{"line":1,"column":31},"end":{"line":5,"column":1}},"1":{"start":{"line":7,"column":22},"end":{"line":10,"column":3}},"2":{"start":{"line":8,"column":2},"end":{"line":10,"column":3}},"3":{"start":{"line":12,"column":25},"end":{"line":12,"column":67}},"4":{"start":{"line":12,"column":39},"end":{"line":12,"column":67}},"5":{"start":{"line":14,"column":26},"end":{"line":14,"column":71}},"6":{"start":{"line":14,"column":43},"end":{"line":14,"column":71}},"7":{"start":{"line":16,"column":19},"end":{"line":24,"column":1}},"8":{"start":{"line":17,"column":12},"end":{"line":17,"column":13}},"9":{"start":{"line":18,"column":2},"end":{"line":18,"column":36}},"10":{"start":{"line":19,"column":2},"end":{"line":22,"column":3}},"11":{"start":{"line":19,"column":15},"end":{"line":19,"column":16}},"12":{"start":{"line":20,"column":4},"end":{"line":21,"column":76}},"13":{"start":{"line":23,"column":2},"end":{"line":23,"column":13}},"14":{"start":{"line":26,"column":17},"end":{"line":29,"column":1}},"15":{"start":{"line":27,"column":2},"end":{"line":27,"column":47}},"16":{"start":{"line":28,"column":2},"end":{"line":28,"column":14}},"17":{"start":{"line":31,"column":22},"end":{"line":50,"column":1}},"18":{"start":{"line":33,"column":20},"end":{"line":33,"column":33}},"19":{"start":{"line":34,"column":21},"end":{"line":34,"column":39}},"20":{"start":{"line":35,"column":20},"end":{"line":35,"column":37}},"21":{"start":{"line":37,"column":10},"end":{"line":37,"column":30}},"22":{"start":{"line":38,"column":19},"end":{"line":38,"column":42}},"23":{"start":{"line":39,"column":17},"end":{"line":39,"column":33}},"24":{"start":{"line":40,"column":18},"end":{"line":40,"column":33}},"25":{"start":{"line":42,"column":12},"end":{"line":42,"column":39}},"26":{"start":{"line":43,"column":2},"end":{"line":45,"column":3}},"27":{"start":{"line":44,"column":4},"end":{"line":44,"column":10}},"28":{"start":{"line":46,"column":2},"end":{"line":48,"column":3}},"29":{"start":{"line":47,"column":4},"end":{"line":47,"column":10}},"30":{"start":{"line":49,"column":2},"end":{"line":49,"column":13}},"31":{"start":{"line":52,"column":19},"end":{"line":60,"column":1}},"32":{"start":{"line":53,"column":10},"end":{"line":53,"column":24}},"33":{"start":{"line":54,"column":12},"end":{"line":54,"column":35}},"34":{"start":{"line":55,"column":10},"end":{"line":55,"column":26}},"35":{"start":{"line":56,"column":11},"end":{"line":56,"column":26}},"36":{"start":{"line":57,"column":2},"end":{"line":57,"column":44}},"37":{"start":{"line":57,"column":24},"end":{"line":57,"column":44}},"38":{"start":{"line":58,"column":2},"end":{"line":58,"column":38}},"39":{"start":{"line":58,"column":22},"end":{"line":58,"column":38}},"40":{"start":{"line":59,"column":2},"end":{"line":59,"column":38}},"41":{"start":{"line":62,"column":18},"end":{"line":73,"column":1}},"42":{"start":{"line":64,"column":2},"end":{"line":64,"column":54}},"43":{"start":{"line":65,"column":2},"end":{"line":65,"column":26}},"44":{"start":{"line":66,"column":2},"end":{"line":66,"column":26}},"45":{"start":{"line":67,"column":18},"end":{"line":67,"column":34}},"46":{"start":{"line":68,"column":18},"end":{"line":68,"column":30}},"47":{"start":{"line":70,"column":2},"end":{"line":72,"column":45}},"48":{"start":{"line":71,"column":4},"end":{"line":71,"column":36}},"49":{"start":{"line":72,"column":9},"end":{"line":72,"column":45}},"50":{"start":{"line":75,"column":0},"end":{"line":84,"column":2}}},"fnMap":{"0":{"name":"(anonymous_0)","decl":{"start":{"line":7,"column":22},"end":{"line":7,"column":23}},"loc":{"start":{"line":8,"column":2},"end":{"line":10,"column":3}},"line":8},"1":{"name":"(anonymous_1)","decl":{"start":{"line":12,"column":25},"end":{"line":12,"column":26}},"loc":{"start":{"line":12,"column":39},"end":{"line":12,"column":67}},"line":12},"2":{"name":"(anonymous_2)","decl":{"start":{"line":14,"column":26},"end":{"line":14,"column":27}},"loc":{"start":{"line":14,"column":43},"end":{"line":14,"column":71}},"line":14},"3":{"name":"(anonymous_3)","decl":{"start":{"line":16,"column":19},"end":{"line":16,"column":20}},"loc":{"start":{"line":16,"column":33},"end":{"line":24,"column":1}},"line":16},"4":{"name":"(anonymous_4)","decl":{"start":{"line":26,"column":17},"end":{"line":26,"column":18}},"loc":{"start":{"line":26,"column":34},"end":{"line":29,"column":1}},"line":26},"5":{"name":"(anonymous_5)","decl":{"start":{"line":31,"column":22},"end":{"line":31,"column":23}},"loc":{"start":{"line":31,"column":31},"end":{"line":50,"column":1}},"line":31},"6":{"name":"(anonymous_6)","decl":{"start":{"line":52,"column":19},"end":{"line":52,"column":20}},"loc":{"start":{"line":52,"column":29},"end":{"line":60,"column":1}},"line":52},"7":{"name":"(anonymous_7)","decl":{"start":{"line":62,"column":18},"end":{"line":62,"column":19}},"loc":{"start":{"line":62,"column":30},"end":{"line":73,"column":1}},"line":62}},"branchMap":{"0":{"loc":{"start":{"line":43,"column":2},"end":{"line":45,"column":3}},"type":"if","locations":[{"start":{"line":43,"column":2},"end":{"line":45,"column":3}},{"start":{},"end":{}}],"line":43},"1":{"loc":{"start":{"line":46,"column":2},"end":{"line":48,"column":3}},"type":"if","locations":[{"start":{"line":46,"column":2},"end":{"line":48,"column":3}},{"start":{},"end":{}}],"line":46},"2":{"loc":{"start":{"line":46,"column":6},"end":{"line":46,"column":59}},"type":"binary-expr","locations":[{"start":{"line":46,"column":6},"end":{"line":46,"column":32}},{"start":{"line":46,"column":36},"end":{"line":46,"column":59}}],"line":46},"3":{"loc":{"start":{"line":57,"column":2},"end":{"line":57,"column":44}},"type":"if","locations":[{"start":{"line":57,"column":2},"end":{"line":57,"column":44}},{"start":{},"end":{}}],"line":57},"4":{"loc":{"start":{"line":58,"column":2},"end":{"line":58,"column":38}},"type":"if","locations":[{"start":{"line":58,"column":2},"end":{"line":58,"column":38}},{"start":{},"end":{}}],"line":58},"5":{"loc":{"start":{"line":70,"column":2},"end":{"line":72,"column":45}},"type":"if","locations":[{"start":{"line":70,"column":2},"end":{"line":72,"column":45}},{"start":{"line":72,"column":9},"end":{"line":72,"column":45}}],"line":70},"6":{"loc":{"start":{"line":71,"column":11},"end":{"line":71,"column":35}},"type":"cond-expr","locations":[{"start":{"line":71,"column":25},"end":{"line":71,"column":26}},{"start":{"line":71,"column":29},"end":{"line":71,"column":35}}],"line":71},"7":{"loc":{"start":{"line":72,"column":16},"end":{"line":72,"column":44}},"type":"cond-expr","locations":[{"start":{"line":72,"column":30},"end":{"line":72,"column":31}},{"start":{"line":72,"column":34},"end":{"line":72,"column":44}}],"line":72}},"s":{"0":8,"1":8,"2":14,"3":8,"4":14,"5":8,"6":13,"7":8,"8":75,"9":75,"10":75,"11":75,"12":382,"13":75,"14":8,"15":3,"16":3,"17":8,"18":15,"19":15,"20":15,"21":15,"22":15,"23":15,"24":15,"25":15,"26":15,"27":0,"28":15,"29":0,"30":15,"31":8,"32":37,"33":37,"34":37,"35":37,"36":37,"37":37,"38":37,"39":0,"40":37,"41":8,"42":2,"43":2,"44":2,"45":2,"46":2,"47":2,"48":2,"49":0,"50":8},"f":{"0":14,"1":14,"2":13,"3":75,"4":3,"5":15,"6":37,"7":2},"b":{"0":[0,15],"1":[0,15],"2":[15,0],"3":[37,0],"4":[0,37],"5":[2,0],"6":[0,2],"7":[0,0]},"_coverageSchema":"1a1c01bbd47fc00a2c39e90264f33305004495a9","hash":"72b7ff48a52001a7d2593d13ac79b0090ea8040f"}
}
