TN:
SF:app.js
FN:24,(anonymous_0)
FN:74,(anonymous_1)
FNF:2
FNH:2
FNDA:6,(anonymous_0)
FNDA:7,(anonymous_1)
DA:1,7
DA:2,7
DA:3,7
DA:4,7
DA:5,7
DA:6,7
DA:7,7
DA:10,7
DA:11,7
DA:12,7
DA:13,7
DA:14,7
DA:15,7
DA:17,7
DA:24,7
DA:25,6
DA:26,0
DA:27,0
DA:29,6
DA:35,7
DA:36,7
DA:38,7
DA:45,7
DA:46,7
DA:50,7
DA:51,7
DA:52,7
DA:53,7
DA:58,7
DA:62,7
DA:63,7
DA:64,7
DA:65,7
DA:66,7
DA:67,7
DA:68,7
DA:69,7
DA:70,7
DA:71,7
DA:72,7
DA:74,7
DA:75,7
DA:76,7
DA:77,7
DA:78,7
DA:80,7
DA:81,2
DA:85,5
DA:86,5
DA:89,0
DA:97,7
LF:51
LH:48
BRDA:25,0,0,0
BRDA:25,0,1,6
BRDA:80,1,0,2
BRDA:80,1,1,5
BRF:4
BRH:3
end_of_record
TN:
SF:db.js
FNF:0
FNH:0
DA:1,7
DA:2,7
DA:3,7
DA:5,7
DA:6,7
DA:7,7
DA:8,7
DA:9,7
DA:12,7
DA:32,7
DA:33,7
DA:34,7
DA:35,7
DA:36,7
DA:37,7
DA:87,7
LF:16
LH:16
BRF:0
BRH:0
end_of_record
TN:
SF:controller\accountController.js
FN:14,(anonymous_0)
FN:15,(anonymous_1)
FN:20,(anonymous_2)
FN:21,(anonymous_3)
FN:26,(anonymous_4)
FN:27,(anonymous_5)
FN:32,(anonymous_6)
FN:33,(anonymous_7)
FN:38,(anonymous_8)
FN:48,(anonymous_9)
FNF:10
FNH:6
FNDA:6,(anonymous_0)
FNDA:6,(anonymous_1)
FNDA:0,(anonymous_2)
FNDA:0,(anonymous_3)
FNDA:0,(anonymous_4)
FNDA:0,(anonymous_5)
FNDA:9,(anonymous_6)
FNDA:9,(anonymous_7)
FNDA:5,(anonymous_8)
FNDA:4,(anonymous_9)
DA:1,7
DA:2,7
DA:8,7
DA:9,7
DA:10,7
DA:11,7
DA:12,7
DA:14,7
DA:15,6
DA:16,6
DA:20,7
DA:21,0
DA:22,0
DA:26,7
DA:27,0
DA:28,0
DA:32,7
DA:33,9
DA:34,9
DA:38,7
DA:39,5
DA:40,5
DA:41,5
DA:42,1
DA:48,4
DA:49,4
DA:54,7
LF:27
LH:23
BRDA:41,0,0,1
BRDA:41,0,1,4
BRDA:41,1,0,5
BRDA:41,1,1,4
BRF:4
BRH:4
end_of_record
TN:
SF:controller\transectionController.js
FN:6,(anonymous_0)
FN:17,(anonymous_1)
FN:23,(anonymous_2)
FN:24,(anonymous_3)
FNF:4
FNH:4
FNDA:7,(anonymous_0)
FNDA:7,(anonymous_1)
FNDA:4,(anonymous_2)
FNDA:4,(anonymous_3)
DA:1,7
DA:2,7
DA:4,7
DA:6,7
DA:7,7
DA:8,7
DA:10,7
DA:11,0
DA:17,7
DA:18,7
DA:23,7
DA:24,4
DA:25,4
DA:29,7
LF:14
LH:13
BRDA:10,0,0,0
BRDA:10,0,1,7
BRDA:10,1,0,7
BRDA:10,1,1,0
BRF:4
BRH:2
end_of_record
TN:
SF:controller\transferController.js
FN:6,(anonymous_0)
FN:7,(anonymous_1)
FNF:2
FNH:0
FNDA:0,(anonymous_0)
FNDA:0,(anonymous_1)
DA:1,7
DA:2,7
DA:4,7
DA:6,7
DA:7,0
DA:8,0
DA:12,7
LF:7
LH:5
BRF:0
BRH:0
end_of_record
TN:
SF:cronJobs\currentCron.js
FN:22,(anonymous_0)
FN:39,(anonymous_1)
FN:60,(anonymous_2)
FN:93,(anonymous_3)
FN:104,(anonymous_4)
FNF:5
FNH:0
FNDA:0,(anonymous_0)
FNDA:0,(anonymous_1)
FNDA:0,(anonymous_2)
FNDA:0,(anonymous_3)
FNDA:0,(anonymous_4)
DA:1,7
DA:2,7
DA:4,7
DA:5,7
DA:6,7
DA:7,7
DA:8,7
DA:10,7
DA:18,7
DA:20,7
DA:22,7
DA:23,0
DA:24,0
DA:25,0
DA:30,0
DA:31,0
DA:33,0
DA:36,0
DA:39,7
DA:40,0
DA:41,0
DA:42,0
DA:44,0
DA:46,0
DA:47,0
DA:49,0
DA:50,0
DA:53,0
DA:54,0
DA:56,0
DA:57,0
DA:61,0
DA:62,0
DA:65,0
DA:67,0
DA:72,0
DA:73,0
DA:74,0
DA:75,0
DA:76,0
DA:93,7
DA:94,0
DA:95,0
DA:96,0
DA:97,0
DA:98,0
DA:99,0
DA:100,0
DA:104,7
DA:105,0
DA:106,0
DA:107,0
DA:108,0
DA:109,0
DA:110,0
DA:112,0
DA:113,0
DA:118,0
DA:121,0
DA:123,0
DA:130,0
DA:131,0
DA:132,0
DA:133,0
DA:134,0
DA:146,7
LF:66
LH:15
BRDA:30,0,0,0
BRDA:30,0,1,0
BRDA:56,1,0,0
BRDA:56,1,1,0
BRDA:61,2,0,0
BRDA:61,2,1,0
BRDA:118,3,0,0
BRDA:118,3,1,0
BRF:8
BRH:0
end_of_record
TN:
SF:cronJobs\loanCron.js
FN:23,(anonymous_0)
FN:40,(anonymous_1)
FN:100,(anonymous_2)
FNF:3
FNH:0
FNDA:0,(anonymous_0)
FNDA:0,(anonymous_1)
FNDA:0,(anonymous_2)
DA:1,7
DA:2,7
DA:4,7
DA:5,7
DA:6,7
DA:7,7
DA:8,7
DA:10,7
DA:18,7
DA:20,7
DA:21,7
DA:23,7
DA:24,0
DA:25,0
DA:26,0
DA:31,0
DA:32,0
DA:34,0
DA:37,0
DA:40,7
DA:46,0
DA:47,0
DA:48,0
DA:50,0
DA:52,0
DA:53,0
DA:54,0
DA:55,0
DA:58,0
DA:62,0
DA:63,0
DA:64,0
DA:65,0
DA:67,0
DA:68,0
DA:69,0
DA:71,0
DA:72,0
DA:73,0
DA:75,0
DA:76,0
DA:77,0
DA:79,0
DA:82,0
DA:87,0
DA:88,0
DA:90,0
DA:100,7
DA:101,0
DA:102,0
DA:103,0
DA:104,0
DA:105,0
DA:106,0
DA:107,0
DA:108,0
DA:109,0
DA:110,0
DA:112,0
DA:113,0
DA:118,7
LF:61
LH:15
BRDA:31,0,0,0
BRDA:31,0,1,0
BRDA:64,1,0,0
BRDA:64,1,1,0
BRDA:68,2,0,0
BRDA:68,2,1,0
BRDA:72,3,0,0
BRDA:72,3,1,0
BRDA:76,4,0,0
BRDA:76,4,1,0
BRDA:112,5,0,0
BRDA:112,5,1,0
BRF:12
BRH:0
end_of_record
TN:
SF:cronJobs\savingsCron.js
FN:23,(anonymous_0)
FN:40,(anonymous_1)
FN:61,(anonymous_2)
FN:88,(anonymous_3)
FN:106,(anonymous_4)
FN:134,(anonymous_5)
FN:146,(anonymous_6)
FN:157,(anonymous_7)
FNF:8
FNH:3
FNDA:6,(anonymous_0)
FNDA:0,(anonymous_1)
FNDA:0,(anonymous_2)
FNDA:3,(anonymous_3)
FNDA:0,(anonymous_4)
FNDA:0,(anonymous_5)
FNDA:7,(anonymous_6)
FNDA:0,(anonymous_7)
DA:1,7
DA:2,7
DA:5,7
DA:6,7
DA:7,7
DA:8,7
DA:9,7
DA:11,7
DA:19,7
DA:21,7
DA:23,7
DA:24,6
DA:25,6
DA:26,6
DA:31,6
DA:32,6
DA:34,0
DA:37,6
DA:40,7
DA:41,0
DA:42,0
DA:43,0
DA:45,0
DA:47,0
DA:48,0
DA:50,0
DA:51,0
DA:54,0
DA:55,0
DA:58,0
DA:62,0
DA:63,0
DA:65,0
DA:66,0
DA:72,0
DA:73,0
DA:74,0
DA:75,0
DA:88,7
DA:89,3
DA:90,3
DA:91,3
DA:93,3
DA:95,3
DA:96,6
DA:98,6
DA:99,6
DA:102,3
DA:103,0
DA:107,0
DA:108,0
DA:110,0
DA:111,0
DA:116,0
DA:118,0
DA:119,0
DA:120,0
DA:134,7
DA:135,0
DA:136,0
DA:137,0
DA:138,0
DA:139,0
DA:140,0
DA:141,0
DA:146,7
DA:147,7
DA:148,6
DA:149,6
DA:150,3
DA:151,3
DA:152,3
DA:153,3
DA:157,7
DA:158,0
DA:161,7
DA:167,7
LF:77
LH:40
BRDA:31,0,0,6
BRDA:31,0,1,0
BRDA:62,1,0,0
BRDA:62,1,1,0
BRDA:102,2,0,0
BRDA:102,2,1,3
BRDA:107,3,0,0
BRDA:107,3,1,0
BRF:8
BRH:2
end_of_record
TN:
SF:middleware\authMiddleware.js
FN:25,(anonymous_0)
FNF:1
FNH:1
FNDA:22,(anonymous_0)
DA:1,7
DA:3,7
DA:4,7
DA:5,7
DA:6,7
DA:8,7
DA:9,7
DA:10,7
DA:11,7
DA:12,7
DA:14,7
DA:22,7
DA:25,7
DA:26,22
DA:27,22
DA:28,22
DA:29,22
DA:30,22
DA:34,22
DA:35,22
DA:36,22
DA:37,22
DA:38,22
DA:40,0
DA:44,0
DA:47,7
LF:26
LH:24
BRDA:35,0,0,22
BRDA:35,0,1,0
BRDA:35,1,0,22
BRDA:35,1,1,22
BRDA:35,1,2,0
BRF:5
BRH:3
end_of_record
TN:
SF:models\createModels.js
FN:22,(anonymous_0)
FN:32,(anonymous_1)
FN:57,(anonymous_2)
FN:76,(anonymous_3)
FN:91,(anonymous_4)
FN:111,(anonymous_5)
FN:118,(anonymous_6)
FNF:7
FNH:7
FNDA:8,(anonymous_0)
FNDA:3,(anonymous_1)
FNDA:3,(anonymous_2)
FNDA:8,(anonymous_3)
FNDA:1,(anonymous_4)
FNDA:1,(anonymous_5)
FNDA:6,(anonymous_6)
DA:1,7
DA:2,7
DA:4,7
DA:6,7
DA:7,7
DA:8,7
DA:9,7
DA:10,7
DA:12,7
DA:20,7
DA:22,7
DA:23,8
DA:32,7
DA:42,3
DA:57,7
DA:64,3
DA:76,7
DA:85,8
DA:91,7
DA:100,1
DA:111,7
DA:112,1
DA:118,7
DA:119,6
DA:125,7
LF:25
LH:25
BRF:0
BRH:0
end_of_record
TN:
SF:models\transectionModels.js
FN:19,(anonymous_0)
FN:31,(anonymous_1)
FN:43,(anonymous_2)
FN:51,(anonymous_3)
FNF:4
FNH:4
FNDA:13,(anonymous_0)
FNDA:4,(anonymous_1)
FNDA:1,(anonymous_2)
FNDA:23,(anonymous_3)
DA:1,7
DA:2,7
DA:3,7
DA:4,7
DA:5,7
DA:6,7
DA:7,7
DA:9,7
DA:17,7
DA:19,7
DA:25,13
DA:31,7
DA:37,4
DA:43,7
DA:44,1
DA:51,7
DA:59,23
DA:69,7
LF:18
LH:18
BRF:0
BRH:0
end_of_record
TN:
SF:models\userModels.js
FN:22,(anonymous_0)
FN:26,(anonymous_1)
FN:30,(anonymous_2)
FN:34,(anonymous_3)
FN:38,(anonymous_4)
FN:42,(anonymous_5)
FN:46,(anonymous_6)
FN:55,(anonymous_7)
FNF:8
FNH:7
FNDA:15,(anonymous_0)
FNDA:9,(anonymous_1)
FNDA:16,(anonymous_2)
FNDA:7,(anonymous_3)
FNDA:6,(anonymous_4)
FNDA:2,(anonymous_5)
FNDA:0,(anonymous_6)
FNDA:15,(anonymous_7)
DA:1,7
DA:2,7
DA:4,7
DA:6,7
DA:7,7
DA:8,7
DA:9,7
DA:10,7
DA:12,7
DA:20,7
DA:22,7
DA:23,15
DA:26,7
DA:27,9
DA:30,7
DA:31,16
DA:34,7
DA:35,7
DA:38,7
DA:39,6
DA:42,7
DA:43,2
DA:46,7
DA:47,0
DA:55,7
DA:62,15
DA:67,7
LF:27
LH:26
BRF:0
BRH:0
end_of_record
TN:
SF:services\authService.js
FN:28,(anonymous_0)
FN:43,(anonymous_1)
FNF:2
FNH:2
FNDA:7,(anonymous_0)
FNDA:5,(anonymous_1)
DA:1,7
DA:2,7
DA:3,7
DA:5,7
DA:6,7
DA:7,7
DA:8,7
DA:9,7
DA:12,7
DA:20,7
DA:22,7
DA:24,7
DA:26,7
DA:28,7
DA:29,7
DA:31,7
DA:36,7
DA:37,5
DA:38,5
DA:39,5
DA:43,7
DA:44,5
DA:45,5
DA:48,5
DA:51,7
LF:25
LH:25
BRDA:36,0,0,5
BRDA:36,0,1,2
BRDA:36,1,0,7
BRDA:36,1,1,6
BRF:4
BRH:4
end_of_record
TN:
SF:services\clientDetailsService.js
FN:29,(anonymous_0)
FN:32,(anonymous_1)
FNF:2
FNH:0
FNDA:0,(anonymous_0)
FNDA:0,(anonymous_1)
DA:1,7
DA:2,7
DA:4,7
DA:11,7
DA:13,7
DA:14,7
DA:15,7
DA:16,7
DA:17,7
DA:19,7
DA:27,7
DA:29,7
DA:30,0
DA:32,0
DA:33,0
DA:34,0
DA:35,0
DA:36,0
DA:37,0
DA:39,0
DA:40,0
DA:41,0
DA:43,0
DA:44,0
DA:48,0
DA:50,0
DA:51,0
DA:55,0
DA:57,0
DA:58,0
DA:62,0
DA:67,0
DA:84,0
DA:90,7
LF:34
LH:13
BRDA:29,0,0,0
BRDA:73,1,0,0
BRDA:73,1,1,0
BRDA:76,2,0,0
BRDA:76,2,1,0
BRDA:79,3,0,0
BRDA:79,3,1,0
BRDA:84,4,0,0
BRDA:84,4,1,0
BRF:9
BRH:0
end_of_record
TN:
SF:services\createService.js
FN:54,(anonymous_0)
FN:68,(anonymous_1)
FN:174,(anonymous_2)
FN:239,(anonymous_3)
FN:294,(anonymous_4)
FN:300,(anonymous_5)
FN:365,(anonymous_6)
FN:372,(anonymous_7)
FNF:8
FNH:8
FNDA:11,(anonymous_0)
FNDA:11,(anonymous_1)
FNDA:3,(anonymous_2)
FNDA:3,(anonymous_3)
FNDA:9,(anonymous_4)
FNDA:9,(anonymous_5)
FNDA:4,(anonymous_6)
FNDA:4,(anonymous_7)
DA:1,7
DA:2,7
DA:3,7
DA:4,7
DA:6,7
DA:10,7
DA:11,7
DA:12,7
DA:13,7
DA:14,7
DA:16,7
DA:24,7
DA:34,7
DA:42,7
DA:52,7
DA:54,7
DA:64,11
DA:65,11
DA:67,11
DA:68,11
DA:69,11
DA:70,11
DA:71,11
DA:72,11
DA:73,11
DA:74,1
DA:75,0
DA:81,1
DA:82,1
DA:85,0
DA:86,0
DA:87,0
DA:89,0
DA:93,11
DA:94,1
DA:102,10
DA:103,0
DA:104,0
DA:109,10
DA:110,0
DA:111,0
DA:112,0
DA:114,0
DA:121,0
DA:123,0
DA:126,0
DA:127,0
DA:129,0
DA:140,0
DA:141,0
DA:149,0
DA:150,0
DA:155,0
DA:156,0
DA:170,10
DA:171,5
DA:172,3
DA:174,3
DA:175,3
DA:176,3
DA:177,3
DA:185,3
DA:187,3
DA:190,3
DA:191,3
DA:202,3
DA:203,2
DA:213,3
DA:222,2
DA:223,1
DA:232,2
DA:236,5
DA:237,5
DA:238,3
DA:239,3
DA:240,3
DA:241,3
DA:242,3
DA:249,3
DA:250,3
DA:257,3
DA:258,2
DA:264,3
DA:270,2
DA:271,1
DA:281,2
DA:294,7
DA:298,9
DA:299,9
DA:300,9
DA:301,9
DA:302,9
DA:303,0
DA:304,0
DA:313,9
DA:318,8
DA:320,8
DA:330,8
DA:338,8
DA:339,8
DA:344,8
DA:349,1
DA:350,1
DA:356,1
DA:365,7
DA:369,4
DA:370,4
DA:372,4
DA:373,4
DA:374,4
DA:375,4
DA:376,4
DA:377,4
DA:378,1
DA:379,1
DA:382,1
DA:386,3
DA:387,3
DA:389,3
DA:390,2
DA:391,2
DA:392,2
DA:393,1
DA:395,2
DA:396,2
DA:400,2
DA:401,2
DA:402,2
DA:403,1
DA:404,1
DA:408,1
DA:412,1
DA:413,1
DA:418,1
DA:422,1
DA:423,1
DA:425,1
DA:426,1
DA:435,1
DA:436,1
DA:437,1
DA:443,0
DA:448,7
LF:143
LH:118
BRDA:57,0,0,6
BRDA:58,1,0,5
BRDA:62,2,0,5
BRDA:70,3,0,11
BRDA:70,3,1,0
BRDA:73,4,0,1
BRDA:73,4,1,10
BRDA:73,5,0,11
BRDA:73,5,1,1
BRDA:74,6,0,0
BRDA:74,6,1,1
BRDA:86,7,0,0
BRDA:86,7,1,0
BRDA:93,8,0,1
BRDA:93,8,1,10
BRDA:102,9,0,0
BRDA:102,9,1,10
BRDA:102,10,0,10
BRDA:102,10,1,5
BRDA:103,11,0,0
BRDA:103,11,1,0
BRDA:109,12,0,0
BRDA:109,12,1,10
BRDA:109,13,0,10
BRDA:109,13,1,5
BRDA:110,14,0,0
BRDA:110,14,1,0
BRDA:110,15,0,0
BRDA:110,15,1,0
BRDA:149,16,0,0
BRDA:149,16,1,0
BRDA:155,17,0,0
BRDA:155,17,1,0
BRDA:159,18,0,0
BRDA:159,18,1,0
BRDA:163,19,0,0
BRDA:163,19,1,0
BRDA:170,20,0,5
BRDA:170,20,1,5
BRDA:171,21,0,3
BRDA:171,21,1,2
BRDA:171,22,0,5
BRDA:171,22,1,5
BRDA:202,23,0,2
BRDA:202,23,1,1
BRDA:222,24,0,1
BRDA:222,24,1,1
BRDA:226,25,0,1
BRDA:226,25,1,0
BRDA:236,26,0,5
BRDA:236,26,1,0
BRDA:237,27,0,3
BRDA:237,27,1,2
BRDA:237,28,0,5
BRDA:237,28,1,5
BRDA:257,29,0,2
BRDA:257,29,1,1
BRDA:270,30,0,1
BRDA:270,30,1,1
BRDA:274,31,0,1
BRDA:274,31,1,0
BRDA:284,32,0,2
BRDA:284,32,1,0
BRDA:296,33,0,0
BRDA:299,34,0,9
BRDA:299,34,1,0
BRDA:302,35,0,0
BRDA:302,35,1,9
BRDA:303,36,0,0
BRDA:303,36,1,0
BRDA:313,37,0,8
BRDA:313,37,1,1
BRDA:314,38,0,9
BRDA:314,38,1,8
BRDA:314,38,2,8
BRDA:338,39,0,8
BRDA:338,39,1,0
BRDA:349,40,0,1
BRDA:349,40,1,0
BRDA:352,41,0,0
BRDA:352,41,1,1
BRDA:353,42,0,1
BRDA:353,42,1,0
BRDA:354,43,0,1
BRDA:354,43,1,0
BRDA:358,44,0,0
BRDA:358,44,1,1
BRDA:359,45,0,1
BRDA:359,45,1,0
BRDA:360,46,0,1
BRDA:360,46,1,0
BRDA:367,47,0,0
BRDA:374,48,0,4
BRDA:374,48,1,0
BRDA:377,49,0,1
BRDA:377,49,1,3
BRDA:378,50,0,1
BRDA:378,50,1,0
BRDA:389,51,0,2
BRDA:389,51,1,1
BRDA:389,52,0,3
BRDA:389,52,1,2
BRDA:402,53,0,1
BRDA:402,53,1,1
BRDA:403,54,0,1
BRDA:403,54,1,0
BRDA:412,55,0,1
BRDA:412,55,1,0
BRDA:436,56,0,1
BRDA:436,56,1,0
BRF:110
BRH:67
end_of_record
TN:
SF:services\fetchPassBook.js
FN:26,(anonymous_0)
FN:27,(anonymous_1)
FNF:2
FNH:0
FNDA:0,(anonymous_0)
FNDA:0,(anonymous_1)
DA:1,7
DA:2,7
DA:4,7
DA:5,7
DA:8,7
DA:9,7
DA:10,7
DA:11,7
DA:12,7
DA:15,7
DA:23,7
DA:26,7
DA:27,0
DA:28,0
DA:29,0
DA:30,0
DA:31,0
DA:35,7
LF:18
LH:13
BRDA:26,0,0,0
BRDA:31,1,0,0
BRDA:31,1,1,0
BRF:3
BRH:0
end_of_record
TN:
SF:services\transectionServices.js
FN:36,(anonymous_0)
FN:56,(anonymous_1)
FN:244,(anonymous_2)
FN:335,(anonymous_3)
FN:341,(anonymous_4)
FN:396,(anonymous_5)
FN:469,(anonymous_6)
FNF:7
FNH:7
FNDA:17,(anonymous_0)
FNDA:15,(anonymous_1)
FNDA:2,(anonymous_2)
FNDA:5,(anonymous_3)
FNDA:1,(anonymous_4)
FNDA:2,(anonymous_5)
FNDA:2,(anonymous_6)
DA:1,7
DA:2,7
DA:3,7
DA:4,7
DA:5,7
DA:6,7
DA:7,7
DA:9,7
DA:17,7
DA:19,7
DA:26,7
DA:32,7
DA:34,7
DA:36,7
DA:49,17
DA:50,17
DA:51,15
DA:52,15
DA:53,15
DA:54,15
DA:56,15
DA:57,15
DA:64,15
DA:69,3
DA:70,2
DA:71,2
DA:75,3
DA:79,12
DA:80,12
DA:82,12
DA:83,12
DA:84,12
DA:85,12
DA:86,12
DA:88,0
DA:89,0
DA:90,0
DA:95,0
DA:100,12
DA:101,0
DA:102,0
DA:105,0
DA:109,12
DA:110,11
DA:111,11
DA:112,11
DA:115,11
DA:121,0
DA:122,0
DA:128,0
DA:129,0
DA:135,11
DA:141,11
DA:143,11
DA:144,1
DA:145,1
DA:146,1
DA:153,1
DA:154,1
DA:155,1
DA:156,1
DA:158,1
DA:167,1
DA:168,1
DA:171,1
DA:179,1
DA:180,0
DA:184,1
DA:187,10
DA:188,10
DA:190,10
DA:191,10
DA:197,10
DA:198,10
DA:199,10
DA:201,10
DA:209,10
DA:210,10
DA:214,1
DA:215,1
DA:217,1
DA:224,1
DA:225,1
DA:226,1
DA:227,1
DA:229,1
DA:238,1
DA:239,1
DA:242,2
DA:244,2
DA:245,2
DA:246,2
DA:248,2
DA:249,2
DA:250,2
DA:251,2
DA:252,2
DA:254,0
DA:255,0
DA:256,0
DA:261,0
DA:267,2
DA:268,2
DA:269,2
DA:270,2
DA:271,1
DA:272,0
DA:275,0
DA:277,1
DA:282,2
DA:284,2
DA:285,2
DA:286,2
DA:287,2
DA:289,2
DA:296,2
DA:305,2
DA:306,2
DA:308,2
DA:317,2
DA:318,0
DA:319,0
DA:321,2
DA:322,1
DA:327,2
DA:329,0
DA:330,0
DA:335,7
DA:339,5
DA:340,5
DA:341,1
DA:342,1
DA:343,1
DA:345,1
DA:346,1
DA:347,1
DA:348,1
DA:349,1
DA:351,0
DA:352,0
DA:353,0
DA:358,0
DA:363,1
DA:366,1
DA:368,1
DA:375,1
DA:376,1
DA:377,1
DA:379,1
DA:381,1
DA:390,1
DA:391,1
DA:394,4
DA:396,2
DA:397,2
DA:398,2
DA:400,2
DA:401,2
DA:402,2
DA:403,2
DA:404,2
DA:406,0
DA:407,0
DA:408,0
DA:413,0
DA:419,2
DA:420,2
DA:421,2
DA:423,2
DA:425,2
DA:426,2
DA:427,2
DA:428,2
DA:430,2
DA:437,2
DA:446,2
DA:447,2
DA:449,2
DA:458,2
DA:459,1
DA:461,2
DA:462,2
DA:467,2
DA:468,2
DA:469,2
DA:470,2
DA:471,2
DA:473,2
DA:474,2
DA:475,2
DA:476,2
DA:477,2
DA:479,0
DA:480,0
DA:481,0
DA:486,0
DA:493,2
DA:494,1
DA:495,1
DA:499,1
DA:502,1
DA:505,1
DA:507,1
DA:509,1
DA:510,1
DA:511,1
DA:513,1
DA:522,1
DA:523,1
DA:530,7
LF:210
LH:176
BRDA:42,0,0,5
BRDA:47,1,0,10
BRDA:50,2,0,15
BRDA:50,2,1,2
BRDA:64,3,0,3
BRDA:64,3,1,12
BRDA:69,4,0,2
BRDA:69,4,1,1
BRDA:83,5,0,12
BRDA:83,5,1,0
BRDA:88,6,0,0
BRDA:88,6,1,0
BRDA:88,7,0,0
BRDA:88,7,1,0
BRDA:89,8,0,0
BRDA:89,8,1,0
BRDA:100,9,0,0
BRDA:100,9,1,12
BRDA:101,10,0,0
BRDA:101,10,1,0
BRDA:109,11,0,11
BRDA:109,11,1,1
BRDA:112,12,0,11
BRDA:112,12,1,0
BRDA:115,13,0,0
BRDA:115,13,1,11
BRDA:116,14,0,11
BRDA:116,14,1,11
BRDA:116,14,2,11
BRDA:121,15,0,0
BRDA:121,15,1,0
BRDA:143,16,0,1
BRDA:143,16,1,10
BRDA:143,17,0,11
BRDA:143,17,1,1
BRDA:179,18,0,0
BRDA:179,18,1,1
BRDA:187,19,0,10
BRDA:187,19,1,0
BRDA:187,20,0,10
BRDA:187,20,1,10
BRDA:209,21,0,5
BRDA:209,21,1,5
BRDA:238,22,0,0
BRDA:238,22,1,1
BRDA:242,23,0,2
BRDA:242,23,1,0
BRDA:249,24,0,2
BRDA:249,24,1,0
BRDA:254,25,0,0
BRDA:254,25,1,0
BRDA:254,26,0,0
BRDA:254,26,1,0
BRDA:255,27,0,0
BRDA:255,27,1,0
BRDA:270,28,0,1
BRDA:270,28,1,1
BRDA:271,29,0,0
BRDA:271,29,1,1
BRDA:317,30,0,0
BRDA:317,30,1,2
BRDA:321,31,0,1
BRDA:321,31,1,1
BRDA:329,32,0,0
BRDA:329,32,1,0
BRDA:337,33,0,1
BRDA:340,34,0,1
BRDA:340,34,1,4
BRDA:346,35,0,1
BRDA:346,35,1,0
BRDA:351,36,0,0
BRDA:351,36,1,0
BRDA:351,37,0,0
BRDA:351,37,1,0
BRDA:352,38,0,0
BRDA:352,38,1,0
BRDA:390,39,0,1
BRDA:390,39,1,0
BRDA:394,40,0,2
BRDA:394,40,1,2
BRDA:401,41,0,2
BRDA:401,41,1,0
BRDA:406,42,0,0
BRDA:406,42,1,0
BRDA:406,43,0,0
BRDA:406,43,1,0
BRDA:407,44,0,0
BRDA:407,44,1,0
BRDA:458,45,0,1
BRDA:458,45,1,1
BRDA:461,46,0,2
BRDA:461,46,1,0
BRDA:468,47,0,2
BRDA:468,47,1,0
BRDA:474,48,0,2
BRDA:474,48,1,0
BRDA:479,49,0,0
BRDA:479,49,1,0
BRDA:479,50,0,0
BRDA:479,50,1,0
BRDA:480,51,0,0
BRDA:480,51,1,0
BRDA:493,52,0,1
BRDA:493,52,1,1
BRDA:494,53,0,1
BRDA:494,53,1,0
BRDA:522,54,0,1
BRDA:522,54,1,0
BRF:108
BRH:53
end_of_record
TN:
SF:services\transeferService.js
FN:29,(anonymous_0)
FN:39,(anonymous_1)
FNF:2
FNH:0
FNDA:0,(anonymous_0)
FNDA:0,(anonymous_1)
DA:1,7
DA:3,7
DA:4,7
DA:5,7
DA:6,7
DA:7,7
DA:8,7
DA:10,7
DA:18,7
DA:20,7
DA:24,7
DA:26,7
DA:27,7
DA:29,7
DA:39,0
DA:41,0
DA:42,0
DA:43,0
DA:44,0
DA:45,0
DA:46,0
DA:50,0
DA:51,0
DA:52,0
DA:53,0
DA:54,0
DA:56,0
DA:57,0
DA:58,0
DA:63,0
DA:68,0
DA:69,0
DA:70,0
DA:71,0
DA:72,0
DA:74,0
DA:75,0
DA:76,0
DA:81,0
DA:89,0
DA:91,0
DA:92,0
DA:94,0
DA:95,0
DA:96,0
DA:99,0
DA:103,0
DA:104,0
DA:105,0
DA:106,0
DA:108,0
DA:115,0
DA:128,0
DA:129,0
DA:131,0
DA:138,0
DA:139,0
DA:140,0
DA:142,0
DA:151,0
DA:152,0
DA:158,7
LF:62
LH:15
BRDA:37,0,0,0
BRDA:51,1,0,0
BRDA:51,1,1,0
BRDA:56,2,0,0
BRDA:56,2,1,0
BRDA:56,3,0,0
BRDA:56,3,1,0
BRDA:57,4,0,0
BRDA:57,4,1,0
BRDA:69,5,0,0
BRDA:69,5,1,0
BRDA:74,6,0,0
BRDA:74,6,1,0
BRDA:74,7,0,0
BRDA:74,7,1,0
BRDA:75,8,0,0
BRDA:75,8,1,0
BRDA:94,9,0,0
BRDA:94,9,1,0
BRDA:95,10,0,0
BRDA:95,10,1,0
BRDA:151,11,0,0
BRDA:151,11,1,0
BRF:23
BRH:0
end_of_record
TN:
SF:utilities\libs.js
FN:7,(anonymous_0)
FN:12,(anonymous_1)
FN:14,(anonymous_2)
FN:16,(anonymous_3)
FN:26,(anonymous_4)
FN:31,(anonymous_5)
FN:52,(anonymous_6)
FN:62,(anonymous_7)
FNF:8
FNH:8
FNDA:14,(anonymous_0)
FNDA:14,(anonymous_1)
FNDA:13,(anonymous_2)
FNDA:75,(anonymous_3)
FNDA:3,(anonymous_4)
FNDA:15,(anonymous_5)
FNDA:37,(anonymous_6)
FNDA:2,(anonymous_7)
DA:1,8
DA:7,8
DA:8,14
DA:12,14
DA:14,13
DA:16,8
DA:17,75
DA:18,75
DA:19,75
DA:20,382
DA:23,75
DA:26,8
DA:27,3
DA:28,3
DA:31,8
DA:33,15
DA:34,15
DA:35,15
DA:37,15
DA:38,15
DA:39,15
DA:40,15
DA:42,15
DA:43,15
DA:44,0
DA:46,15
DA:47,0
DA:49,15
DA:52,8
DA:53,37
DA:54,37
DA:55,37
DA:56,37
DA:57,37
DA:58,37
DA:59,37
DA:62,8
DA:64,2
DA:65,2
DA:66,2
DA:67,2
DA:68,2
DA:70,2
DA:71,2
DA:72,0
DA:75,8
LF:46
LH:43
BRDA:43,0,0,0
BRDA:43,0,1,15
BRDA:46,1,0,0
BRDA:46,1,1,15
BRDA:46,2,0,15
BRDA:46,2,1,0
BRDA:57,3,0,37
BRDA:57,3,1,0
BRDA:58,4,0,0
BRDA:58,4,1,37
BRDA:70,5,0,2
BRDA:70,5,1,0
BRDA:71,6,0,0
BRDA:71,6,1,2
BRDA:72,7,0,0
BRDA:72,7,1,0
BRF:16
BRH:7
end_of_record
